[16.928s] DEBUG:colcon:Command line arguments: ['/usr/bin/colcon', 'build', '--packages-select', 'beep_jetcobot_control']
[16.941s] DEBUG:colcon:Parsed command line arguments: Namespace(log_base=None, log_level=None, verb_name='build', build_base='build', install_base='install', merge_install=False, symlink_install=False, test_result_base=None, continue_on_error=False, executor='parallel', parallel_workers=4, event_handlers=None, ignore_user_meta=False, metas=['./colcon.meta'], base_paths=['.'], packages_ignore=None, packages_ignore_regex=None, paths=None, packages_up_to=None, packages_up_to_regex=None, packages_above=None, packages_above_and_dependencies=None, packages_above_depth=None, packages_select_by_dep=None, packages_skip_by_dep=None, packages_skip_up_to=None, packages_select_build_failed=False, packages_skip_build_finished=False, packages_select_test_failures=False, packages_skip_test_passed=False, packages_select=['beep_jetcobot_control'], packages_skip=None, packages_select_regex=None, packages_skip_regex=None, packages_start=None, packages_end=None, allow_overriding=[], cmake_args=None, cmake_target=None, cmake_target_skip_unavailable=False, cmake_clean_cache=False, cmake_clean_first=False, cmake_force_configure=False, ament_cmake_args=None, catkin_cmake_args=None, catkin_skip_building_tests=False, mixin_files=None, mixin=None, verb_parser=<colcon_mixin.mixin.mixin_argument.MixinArgumentDecorator object at 0xffff963e6570>, verb_extension=<colcon_core.verb.build.BuildVerb object at 0xffff963e6150>, main=<bound method BuildVerb.main of <colcon_core.verb.build.BuildVerb object at 0xffff963e6150>>, mixin_verb=('build',))
[18.125s] Level 1:colcon.colcon_core.package_discovery:discover_packages(colcon_meta) check parameters
[18.126s] Level 1:colcon.colcon_core.package_discovery:discover_packages(recursive) check parameters
[18.127s] Level 1:colcon.colcon_core.package_discovery:discover_packages(ignore) check parameters
[18.127s] Level 1:colcon.colcon_core.package_discovery:discover_packages(path) check parameters
[18.128s] Level 1:colcon.colcon_core.package_discovery:discover_packages(colcon_meta) discover
[18.129s] Level 1:colcon.colcon_core.package_discovery:discover_packages(recursive) discover
[18.129s] INFO:colcon.colcon_core.package_discovery:Crawling recursively for packages in '/home/jetcobot/jetcobot_ws/src/beep_jetcobot_ros2'
[18.130s] Level 1:colcon.colcon_core.package_identification:_identify(.) by extensions ['ignore', 'ignore_ament_install']
[18.131s] Level 1:colcon.colcon_core.package_identification:_identify(.) by extension 'ignore'
[18.132s] Level 1:colcon.colcon_core.package_identification:_identify(.) by extension 'ignore_ament_install'
[18.132s] Level 1:colcon.colcon_core.package_identification:_identify(.) by extensions ['colcon_pkg']
[18.132s] Level 1:colcon.colcon_core.package_identification:_identify(.) by extension 'colcon_pkg'
[18.133s] Level 1:colcon.colcon_core.package_identification:_identify(.) by extensions ['colcon_meta']
[18.133s] Level 1:colcon.colcon_core.package_identification:_identify(.) by extension 'colcon_meta'
[18.134s] Level 1:colcon.colcon_core.package_identification:_identify(.) by extensions ['ros']
[18.134s] Level 1:colcon.colcon_core.package_identification:_identify(.) by extension 'ros'
[18.467s] Level 1:colcon.colcon_core.package_identification:_identify(.) by extensions ['cmake', 'python']
[18.467s] Level 1:colcon.colcon_core.package_identification:_identify(.) by extension 'cmake'
[18.468s] Level 1:colcon.colcon_core.package_identification:_identify(.) by extension 'python'
[18.469s] Level 1:colcon.colcon_core.package_identification:_identify(.) by extensions ['python_setup_py']
[18.470s] Level 1:colcon.colcon_core.package_identification:_identify(.) by extension 'python_setup_py'
[18.471s] Level 1:colcon.colcon_core.package_identification:_identify(beep_jetcobot_bringup) by extensions ['ignore', 'ignore_ament_install']
[18.472s] Level 1:colcon.colcon_core.package_identification:_identify(beep_jetcobot_bringup) by extension 'ignore'
[18.473s] Level 1:colcon.colcon_core.package_identification:_identify(beep_jetcobot_bringup) by extension 'ignore_ament_install'
[18.473s] Level 1:colcon.colcon_core.package_identification:_identify(beep_jetcobot_bringup) by extensions ['colcon_pkg']
[18.474s] Level 1:colcon.colcon_core.package_identification:_identify(beep_jetcobot_bringup) by extension 'colcon_pkg'
[18.475s] Level 1:colcon.colcon_core.package_identification:_identify(beep_jetcobot_bringup) by extensions ['colcon_meta']
[18.476s] Level 1:colcon.colcon_core.package_identification:_identify(beep_jetcobot_bringup) by extension 'colcon_meta'
[18.477s] Level 1:colcon.colcon_core.package_identification:_identify(beep_jetcobot_bringup) by extensions ['ros']
[18.478s] Level 1:colcon.colcon_core.package_identification:_identify(beep_jetcobot_bringup) by extension 'ros'
[18.522s] DEBUG:colcon.colcon_core.package_identification:Package 'beep_jetcobot_bringup' with type 'ros.ament_python' and name 'beep_jetcobot_bringup'
[18.523s] Level 1:colcon.colcon_core.package_identification:_identify(beep_jetcobot_control) by extensions ['ignore', 'ignore_ament_install']
[18.524s] Level 1:colcon.colcon_core.package_identification:_identify(beep_jetcobot_control) by extension 'ignore'
[18.524s] Level 1:colcon.colcon_core.package_identification:_identify(beep_jetcobot_control) by extension 'ignore_ament_install'
[18.525s] Level 1:colcon.colcon_core.package_identification:_identify(beep_jetcobot_control) by extensions ['colcon_pkg']
[18.526s] Level 1:colcon.colcon_core.package_identification:_identify(beep_jetcobot_control) by extension 'colcon_pkg'
[18.527s] Level 1:colcon.colcon_core.package_identification:_identify(beep_jetcobot_control) by extensions ['colcon_meta']
[18.527s] Level 1:colcon.colcon_core.package_identification:_identify(beep_jetcobot_control) by extension 'colcon_meta'
[18.527s] Level 1:colcon.colcon_core.package_identification:_identify(beep_jetcobot_control) by extensions ['ros']
[18.528s] Level 1:colcon.colcon_core.package_identification:_identify(beep_jetcobot_control) by extension 'ros'
[18.544s] DEBUG:colcon.colcon_core.package_identification:Package 'beep_jetcobot_control' with type 'ros.ament_python' and name 'beep_jetcobot_control'
[18.550s] Level 1:colcon.colcon_core.package_identification:_identify(beep_jetcobot_description) by extensions ['ignore', 'ignore_ament_install']
[18.551s] Level 1:colcon.colcon_core.package_identification:_identify(beep_jetcobot_description) by extension 'ignore'
[18.551s] Level 1:colcon.colcon_core.package_identification:_identify(beep_jetcobot_description) by extension 'ignore_ament_install'
[18.554s] Level 1:colcon.colcon_core.package_identification:_identify(beep_jetcobot_description) by extensions ['colcon_pkg']
[18.554s] Level 1:colcon.colcon_core.package_identification:_identify(beep_jetcobot_description) by extension 'colcon_pkg'
[18.556s] Level 1:colcon.colcon_core.package_identification:_identify(beep_jetcobot_description) by extensions ['colcon_meta']
[18.557s] Level 1:colcon.colcon_core.package_identification:_identify(beep_jetcobot_description) by extension 'colcon_meta'
[18.557s] Level 1:colcon.colcon_core.package_identification:_identify(beep_jetcobot_description) by extensions ['ros']
[18.559s] Level 1:colcon.colcon_core.package_identification:_identify(beep_jetcobot_description) by extension 'ros'
[18.574s] DEBUG:colcon.colcon_core.package_identification:Package 'beep_jetcobot_description' with type 'ros.ament_cmake' and name 'beep_jetcobot_description'
[18.586s] Level 1:colcon.colcon_core.package_identification:_identify(beep_jetcobot_moveit_config) by extensions ['ignore', 'ignore_ament_install']
[18.587s] Level 1:colcon.colcon_core.package_identification:_identify(beep_jetcobot_moveit_config) by extension 'ignore'
[18.591s] Level 1:colcon.colcon_core.package_identification:_identify(beep_jetcobot_moveit_config) by extension 'ignore_ament_install'
[18.593s] Level 1:colcon.colcon_core.package_identification:_identify(beep_jetcobot_moveit_config) by extensions ['colcon_pkg']
[18.594s] Level 1:colcon.colcon_core.package_identification:_identify(beep_jetcobot_moveit_config) by extension 'colcon_pkg'
[18.597s] Level 1:colcon.colcon_core.package_identification:_identify(beep_jetcobot_moveit_config) by extensions ['colcon_meta']
[18.600s] Level 1:colcon.colcon_core.package_identification:_identify(beep_jetcobot_moveit_config) by extension 'colcon_meta'
[18.603s] Level 1:colcon.colcon_core.package_identification:_identify(beep_jetcobot_moveit_config) by extensions ['ros']
[18.603s] Level 1:colcon.colcon_core.package_identification:_identify(beep_jetcobot_moveit_config) by extension 'ros'
[18.623s] DEBUG:colcon.colcon_core.package_identification:Package 'beep_jetcobot_moveit_config' with type 'ros.ament_cmake' and name 'beep_jetcobot_moveit_config'
[18.628s] Level 1:colcon.colcon_core.package_identification:_identify(beep_jetcobot_msgs) by extensions ['ignore', 'ignore_ament_install']
[18.633s] Level 1:colcon.colcon_core.package_identification:_identify(beep_jetcobot_msgs) by extension 'ignore'
[18.634s] Level 1:colcon.colcon_core.package_identification:_identify(beep_jetcobot_msgs) by extension 'ignore_ament_install'
[18.635s] Level 1:colcon.colcon_core.package_identification:_identify(beep_jetcobot_msgs) by extensions ['colcon_pkg']
[18.637s] Level 1:colcon.colcon_core.package_identification:_identify(beep_jetcobot_msgs) by extension 'colcon_pkg'
[18.640s] Level 1:colcon.colcon_core.package_identification:_identify(beep_jetcobot_msgs) by extensions ['colcon_meta']
[18.640s] Level 1:colcon.colcon_core.package_identification:_identify(beep_jetcobot_msgs) by extension 'colcon_meta'
[18.640s] Level 1:colcon.colcon_core.package_identification:_identify(beep_jetcobot_msgs) by extensions ['ros']
[18.641s] Level 1:colcon.colcon_core.package_identification:_identify(beep_jetcobot_msgs) by extension 'ros'
[18.658s] DEBUG:colcon.colcon_core.package_identification:Package 'beep_jetcobot_msgs' with type 'ros.ament_cmake' and name 'beep_jetcobot_msgs'
[18.659s] Level 1:colcon.colcon_core.package_identification:_identify(build) by extensions ['ignore', 'ignore_ament_install']
[18.660s] Level 1:colcon.colcon_core.package_identification:_identify(build) by extension 'ignore'
[18.661s] Level 1:colcon.colcon_core.package_identification:_identify(build) ignored
[18.663s] Level 1:colcon.colcon_core.package_identification:_identify(install) by extensions ['ignore', 'ignore_ament_install']
[18.665s] Level 1:colcon.colcon_core.package_identification:_identify(install) by extension 'ignore'
[18.666s] Level 1:colcon.colcon_core.package_identification:_identify(install) ignored
[18.668s] Level 1:colcon.colcon_core.package_identification:_identify(log) by extensions ['ignore', 'ignore_ament_install']
[18.669s] Level 1:colcon.colcon_core.package_identification:_identify(log) by extension 'ignore'
[18.670s] Level 1:colcon.colcon_core.package_identification:_identify(log) ignored
[18.671s] Level 1:colcon.colcon_core.package_discovery:discover_packages(recursive) using defaults
[18.672s] Level 1:colcon.colcon_core.package_discovery:discover_packages(ignore) discover
[18.673s] Level 1:colcon.colcon_core.package_discovery:discover_packages(ignore) using defaults
[18.674s] Level 1:colcon.colcon_core.package_discovery:discover_packages(path) discover
[18.675s] Level 1:colcon.colcon_core.package_discovery:discover_packages(path) using defaults
[19.047s] INFO:colcon.colcon_core.package_selection:Skipping not selected package 'beep_jetcobot_description' in 'beep_jetcobot_description'
[19.048s] INFO:colcon.colcon_core.package_selection:Skipping not selected package 'beep_jetcobot_moveit_config' in 'beep_jetcobot_moveit_config'
[19.048s] INFO:colcon.colcon_core.package_selection:Skipping not selected package 'beep_jetcobot_msgs' in 'beep_jetcobot_msgs'
[19.048s] INFO:colcon.colcon_core.package_selection:Skipping not selected package 'beep_jetcobot_bringup' in 'beep_jetcobot_bringup'
[19.052s] Level 1:colcon.colcon_core.package_discovery:discover_packages(prefix_path) check parameters
[19.053s] Level 1:colcon.colcon_core.package_discovery:discover_packages(prefix_path) discover
[19.153s] DEBUG:colcon.colcon_installed_package_information.package_discovery:Found 1 installed packages in /home/jetcobot/jetcobot_ws/src/beep_jetcobot_ros2/install
[19.354s] DEBUG:colcon.colcon_installed_package_information.package_discovery:Found 42 installed packages in /home/jetcobot/jetcobot_ws/install
[19.389s] DEBUG:colcon.colcon_installed_package_information.package_discovery:Found 430 installed packages in /opt/ros/jazzy
[19.395s] Level 1:colcon.colcon_core.package_discovery:discover_packages(prefix_path) using defaults
[22.187s] WARNING:colcon.colcon_core.package_selection:Some selected packages are already built in one or more underlay workspaces:
	'beep_jetcobot_control' is in: /home/jetcobot/jetcobot_ws/src/beep_jetcobot_ros2/install/beep_jetcobot_control, /home/jetcobot/jetcobot_ws/install/beep_jetcobot_control
If a package in a merged underlay workspace is overridden and it installs headers, then all packages in the overlay must sort their include directories by workspace order. Failure to do so may result in build failures or undefined behavior at run time.
If the overridden package is used by another package in any underlay, then the overriding package in the overlay must be API and ABI compatible or undefined behavior at run time may occur.

If you understand the risks and want to override a package anyways, add the following to the command line:
	--allow-overriding beep_jetcobot_control

This may be promoted to an error in a future release of colcon-override-check.
[22.194s] Level 5:colcon.colcon_core.verb:set package 'beep_jetcobot_control' build argument 'cmake_args' from command line to 'None'
[22.194s] Level 5:colcon.colcon_core.verb:set package 'beep_jetcobot_control' build argument 'cmake_target' from command line to 'None'
[22.195s] Level 5:colcon.colcon_core.verb:set package 'beep_jetcobot_control' build argument 'cmake_target_skip_unavailable' from command line to 'False'
[22.195s] Level 5:colcon.colcon_core.verb:set package 'beep_jetcobot_control' build argument 'cmake_clean_cache' from command line to 'False'
[22.195s] Level 5:colcon.colcon_core.verb:set package 'beep_jetcobot_control' build argument 'cmake_clean_first' from command line to 'False'
[22.196s] Level 5:colcon.colcon_core.verb:set package 'beep_jetcobot_control' build argument 'cmake_force_configure' from command line to 'False'
[22.196s] Level 5:colcon.colcon_core.verb:set package 'beep_jetcobot_control' build argument 'ament_cmake_args' from command line to 'None'
[22.196s] Level 5:colcon.colcon_core.verb:set package 'beep_jetcobot_control' build argument 'catkin_cmake_args' from command line to 'None'
[22.196s] Level 5:colcon.colcon_core.verb:set package 'beep_jetcobot_control' build argument 'catkin_skip_building_tests' from command line to 'False'
[22.196s] DEBUG:colcon.colcon_core.verb:Building package 'beep_jetcobot_control' with the following arguments: {'ament_cmake_args': None, 'build_base': '/home/jetcobot/jetcobot_ws/src/beep_jetcobot_ros2/build/beep_jetcobot_control', 'catkin_cmake_args': None, 'catkin_skip_building_tests': False, 'cmake_args': None, 'cmake_clean_cache': False, 'cmake_clean_first': False, 'cmake_force_configure': False, 'cmake_target': None, 'cmake_target_skip_unavailable': False, 'install_base': '/home/jetcobot/jetcobot_ws/src/beep_jetcobot_ros2/install/beep_jetcobot_control', 'merge_install': False, 'path': '/home/jetcobot/jetcobot_ws/src/beep_jetcobot_ros2/beep_jetcobot_control', 'symlink_install': False, 'test_result_base': None}
[22.197s] INFO:colcon.colcon_core.executor:Executing jobs using 'parallel' executor
[22.225s] DEBUG:colcon.colcon_parallel_executor.executor.parallel:run_until_complete
[22.234s] INFO:colcon.colcon_ros.task.ament_python.build:Building ROS package in '/home/jetcobot/jetcobot_ws/src/beep_jetcobot_ros2/beep_jetcobot_control' with build type 'ament_python'
[22.235s] Level 1:colcon.colcon_core.shell:create_environment_hook('beep_jetcobot_control', 'ament_prefix_path')
[22.335s] INFO:colcon.colcon_core.plugin_system:Skipping extension 'colcon_core.shell.bat': Not used on non-Windows systems
[22.337s] INFO:colcon.colcon_core.shell:Creating environment hook '/home/jetcobot/jetcobot_ws/src/beep_jetcobot_ros2/install/beep_jetcobot_control/share/beep_jetcobot_control/hook/ament_prefix_path.ps1'
[22.355s] INFO:colcon.colcon_core.shell:Creating environment descriptor '/home/jetcobot/jetcobot_ws/src/beep_jetcobot_ros2/install/beep_jetcobot_control/share/beep_jetcobot_control/hook/ament_prefix_path.dsv'
[22.367s] INFO:colcon.colcon_core.shell:Creating environment hook '/home/jetcobot/jetcobot_ws/src/beep_jetcobot_ros2/install/beep_jetcobot_control/share/beep_jetcobot_control/hook/ament_prefix_path.sh'
[22.373s] INFO:colcon.colcon_core.shell:Skip shell extension 'powershell' for command environment: Not usable outside of PowerShell
[22.373s] DEBUG:colcon.colcon_core.shell:Skip shell extension 'dsv' for command environment
[22.499s] WARNING:colcon.colcon_core.shell:The following packages are in the workspace but haven't been built:
- beep_jetcobot_msgs
They are being used from the following locations instead:
- /home/jetcobot/jetcobot_ws/install/beep_jetcobot_msgs
To suppress this warning ignore these packages in the workspace:
--packages-ignore beep_jetcobot_msgs
[27.990s] INFO:colcon.colcon_core.task.python.build:Building Python package in '/home/jetcobot/jetcobot_ws/src/beep_jetcobot_ros2/beep_jetcobot_control'
[27.995s] INFO:colcon.colcon_core.shell:Skip shell extension 'powershell' for command environment: Not usable outside of PowerShell
[27.996s] DEBUG:colcon.colcon_core.shell:Skip shell extension 'dsv' for command environment
[39.526s] DEBUG:colcon.colcon_core.event_handler.log_command:Invoking command in '/home/jetcobot/jetcobot_ws/src/beep_jetcobot_ros2/beep_jetcobot_control': DEBUGINFOD_URLS=https://debuginfod.ubuntu.com PYTHONPATH=/home/jetcobot/jetcobot_ws/src/beep_jetcobot_ros2/build/beep_jetcobot_control/prefix_override:/usr/lib/python3/dist-packages/colcon_core/task/python/colcon_distutils_commands:/home/jetcobot/jetcobot_ws/src/beep_jetcobot_ros2/install/beep_jetcobot_control/lib/python3.12/site-packages:${PYTHONPATH} /usr/bin/python3 -W ignore:setup.py install is deprecated -W ignore:easy_install command is deprecated setup.py egg_info --egg-base ../build/beep_jetcobot_control build --build-base /home/jetcobot/jetcobot_ws/src/beep_jetcobot_ros2/build/beep_jetcobot_control/build install --record /home/jetcobot/jetcobot_ws/src/beep_jetcobot_ros2/build/beep_jetcobot_control/install.log --single-version-externally-managed install_data
[207.077s] DEBUG:colcon.colcon_parallel_executor.executor.parallel:run_until_complete was interrupted
[207.197s] DEBUG:colcon.colcon_parallel_executor.executor.parallel:run_until_complete again
[212.851s] DEBUG:colcon.colcon_core.event_handler.log_command:Invoked command in '/home/jetcobot/jetcobot_ws/src/beep_jetcobot_ros2/beep_jetcobot_control' returned '1': DEBUGINFOD_URLS=https://debuginfod.ubuntu.com PYTHONPATH=/home/jetcobot/jetcobot_ws/src/beep_jetcobot_ros2/build/beep_jetcobot_control/prefix_override:/usr/lib/python3/dist-packages/colcon_core/task/python/colcon_distutils_commands:/home/jetcobot/jetcobot_ws/src/beep_jetcobot_ros2/install/beep_jetcobot_control/lib/python3.12/site-packages:${PYTHONPATH} /usr/bin/python3 -W ignore:setup.py install is deprecated -W ignore:easy_install command is deprecated setup.py egg_info --egg-base ../build/beep_jetcobot_control build --build-base /home/jetcobot/jetcobot_ws/src/beep_jetcobot_ros2/build/beep_jetcobot_control/build install --record /home/jetcobot/jetcobot_ws/src/beep_jetcobot_ros2/build/beep_jetcobot_control/install.log --single-version-externally-managed install_data
[214.078s] DEBUG:colcon.colcon_parallel_executor.executor.parallel:run_until_complete finished
[214.180s] DEBUG:colcon.colcon_parallel_executor.executor.parallel:closing loop
[214.398s] DEBUG:colcon.colcon_parallel_executor.executor.parallel:loop closed
[214.415s] DEBUG:colcon.colcon_core.event_reactor:joining thread
[215.460s] DEBUG:colcon.colcon_core.event_reactor:joined thread
[215.761s] INFO:colcon.colcon_core.shell:Creating prefix script '/home/jetcobot/jetcobot_ws/src/beep_jetcobot_ros2/install/local_setup.ps1'
[218.229s] INFO:colcon.colcon_core.shell:Creating prefix util module '/home/jetcobot/jetcobot_ws/src/beep_jetcobot_ros2/install/_local_setup_util_ps1.py'
[219.678s] INFO:colcon.colcon_core.shell:Creating prefix chain script '/home/jetcobot/jetcobot_ws/src/beep_jetcobot_ros2/install/setup.ps1'
[226.784s] INFO:colcon.colcon_core.shell:Creating prefix script '/home/jetcobot/jetcobot_ws/src/beep_jetcobot_ros2/install/local_setup.sh'
[227.300s] INFO:colcon.colcon_core.shell:Creating prefix util module '/home/jetcobot/jetcobot_ws/src/beep_jetcobot_ros2/install/_local_setup_util_sh.py'
[227.570s] INFO:colcon.colcon_core.shell:Creating prefix chain script '/home/jetcobot/jetcobot_ws/src/beep_jetcobot_ros2/install/setup.sh'
[232.254s] INFO:colcon.colcon_core.shell:Creating prefix script '/home/jetcobot/jetcobot_ws/src/beep_jetcobot_ros2/install/local_setup.bash'
[232.786s] INFO:colcon.colcon_core.shell:Creating prefix chain script '/home/jetcobot/jetcobot_ws/src/beep_jetcobot_ros2/install/setup.bash'
[237.048s] INFO:colcon.colcon_core.shell:Creating prefix script '/home/jetcobot/jetcobot_ws/src/beep_jetcobot_ros2/install/local_setup.zsh'
[237.176s] INFO:colcon.colcon_core.shell:Creating prefix chain script '/home/jetcobot/jetcobot_ws/src/beep_jetcobot_ros2/install/setup.zsh'
