[1.900s] DEBUG:colcon:Command line arguments: ['/usr/bin/colcon', 'build', '--packages-select', 'beep_jetcobot_control']
[1.900s] DEBUG:colcon:Parsed command line arguments: Namespace(log_base=None, log_level=None, verb_name='build', build_base='build', install_base='install', merge_install=False, symlink_install=False, test_result_base=None, continue_on_error=False, executor='parallel', parallel_workers=4, event_handlers=None, ignore_user_meta=False, metas=['./colcon.meta'], base_paths=['.'], packages_ignore=None, packages_ignore_regex=None, paths=None, packages_up_to=None, packages_up_to_regex=None, packages_above=None, packages_above_and_dependencies=None, packages_above_depth=None, packages_select_by_dep=None, packages_skip_by_dep=None, packages_skip_up_to=None, packages_select_build_failed=False, packages_skip_build_finished=False, packages_select_test_failures=False, packages_skip_test_passed=False, packages_select=['beep_jetcobot_control'], packages_skip=None, packages_select_regex=None, packages_skip_regex=None, packages_start=None, packages_end=None, allow_overriding=[], cmake_args=None, cmake_target=None, cmake_target_skip_unavailable=False, cmake_clean_cache=False, cmake_clean_first=False, cmake_force_configure=False, ament_cmake_args=None, catkin_cmake_args=None, catkin_skip_building_tests=False, mixin_files=None, mixin=None, verb_parser=<colcon_mixin.mixin.mixin_argument.MixinArgumentDecorator object at 0xffff9d3b6210>, verb_extension=<colcon_core.verb.build.BuildVerb object at 0xffff9d3b5d60>, main=<bound method BuildVerb.main of <colcon_core.verb.build.BuildVerb object at 0xffff9d3b5d60>>, mixin_verb=('build',))
[2.249s] Level 1:colcon.colcon_core.package_discovery:discover_packages(colcon_meta) check parameters
[2.250s] Level 1:colcon.colcon_core.package_discovery:discover_packages(recursive) check parameters
[2.250s] Level 1:colcon.colcon_core.package_discovery:discover_packages(ignore) check parameters
[2.250s] Level 1:colcon.colcon_core.package_discovery:discover_packages(path) check parameters
[2.250s] Level 1:colcon.colcon_core.package_discovery:discover_packages(colcon_meta) discover
[2.251s] Level 1:colcon.colcon_core.package_discovery:discover_packages(recursive) discover
[2.251s] INFO:colcon.colcon_core.package_discovery:Crawling recursively for packages in '/home/jetcobot/jetcobot_ws/src/beep_jetcobot_ros2'
[2.251s] Level 1:colcon.colcon_core.package_identification:_identify(.) by extensions ['ignore', 'ignore_ament_install']
[2.252s] Level 1:colcon.colcon_core.package_identification:_identify(.) by extension 'ignore'
[2.252s] Level 1:colcon.colcon_core.package_identification:_identify(.) by extension 'ignore_ament_install'
[2.252s] Level 1:colcon.colcon_core.package_identification:_identify(.) by extensions ['colcon_pkg']
[2.252s] Level 1:colcon.colcon_core.package_identification:_identify(.) by extension 'colcon_pkg'
[2.253s] Level 1:colcon.colcon_core.package_identification:_identify(.) by extensions ['colcon_meta']
[2.253s] Level 1:colcon.colcon_core.package_identification:_identify(.) by extension 'colcon_meta'
[2.253s] Level 1:colcon.colcon_core.package_identification:_identify(.) by extensions ['ros']
[2.253s] Level 1:colcon.colcon_core.package_identification:_identify(.) by extension 'ros'
[2.452s] Level 1:colcon.colcon_core.package_identification:_identify(.) by extensions ['cmake', 'python']
[2.452s] Level 1:colcon.colcon_core.package_identification:_identify(.) by extension 'cmake'
[2.453s] Level 1:colcon.colcon_core.package_identification:_identify(.) by extension 'python'
[2.453s] Level 1:colcon.colcon_core.package_identification:_identify(.) by extensions ['python_setup_py']
[2.453s] Level 1:colcon.colcon_core.package_identification:_identify(.) by extension 'python_setup_py'
[2.454s] Level 1:colcon.colcon_core.package_identification:_identify(beep_jetcobot_bringup) by extensions ['ignore', 'ignore_ament_install']
[2.454s] Level 1:colcon.colcon_core.package_identification:_identify(beep_jetcobot_bringup) by extension 'ignore'
[2.454s] Level 1:colcon.colcon_core.package_identification:_identify(beep_jetcobot_bringup) by extension 'ignore_ament_install'
[2.455s] Level 1:colcon.colcon_core.package_identification:_identify(beep_jetcobot_bringup) by extensions ['colcon_pkg']
[2.455s] Level 1:colcon.colcon_core.package_identification:_identify(beep_jetcobot_bringup) by extension 'colcon_pkg'
[2.455s] Level 1:colcon.colcon_core.package_identification:_identify(beep_jetcobot_bringup) by extensions ['colcon_meta']
[2.455s] Level 1:colcon.colcon_core.package_identification:_identify(beep_jetcobot_bringup) by extension 'colcon_meta'
[2.455s] Level 1:colcon.colcon_core.package_identification:_identify(beep_jetcobot_bringup) by extensions ['ros']
[2.455s] Level 1:colcon.colcon_core.package_identification:_identify(beep_jetcobot_bringup) by extension 'ros'
[2.470s] DEBUG:colcon.colcon_core.package_identification:Package 'beep_jetcobot_bringup' with type 'ros.ament_python' and name 'beep_jetcobot_bringup'
[2.471s] Level 1:colcon.colcon_core.package_identification:_identify(beep_jetcobot_control) by extensions ['ignore', 'ignore_ament_install']
[2.471s] Level 1:colcon.colcon_core.package_identification:_identify(beep_jetcobot_control) by extension 'ignore'
[2.472s] Level 1:colcon.colcon_core.package_identification:_identify(beep_jetcobot_control) by extension 'ignore_ament_install'
[2.472s] Level 1:colcon.colcon_core.package_identification:_identify(beep_jetcobot_control) by extensions ['colcon_pkg']
[2.472s] Level 1:colcon.colcon_core.package_identification:_identify(beep_jetcobot_control) by extension 'colcon_pkg'
[2.472s] Level 1:colcon.colcon_core.package_identification:_identify(beep_jetcobot_control) by extensions ['colcon_meta']
[2.473s] Level 1:colcon.colcon_core.package_identification:_identify(beep_jetcobot_control) by extension 'colcon_meta'
[2.473s] Level 1:colcon.colcon_core.package_identification:_identify(beep_jetcobot_control) by extensions ['ros']
[2.473s] Level 1:colcon.colcon_core.package_identification:_identify(beep_jetcobot_control) by extension 'ros'
[2.477s] DEBUG:colcon.colcon_core.package_identification:Package 'beep_jetcobot_control' with type 'ros.ament_python' and name 'beep_jetcobot_control'
[2.478s] Level 1:colcon.colcon_core.package_identification:_identify(beep_jetcobot_description) by extensions ['ignore', 'ignore_ament_install']
[2.478s] Level 1:colcon.colcon_core.package_identification:_identify(beep_jetcobot_description) by extension 'ignore'
[2.478s] Level 1:colcon.colcon_core.package_identification:_identify(beep_jetcobot_description) by extension 'ignore_ament_install'
[2.479s] Level 1:colcon.colcon_core.package_identification:_identify(beep_jetcobot_description) by extensions ['colcon_pkg']
[2.479s] Level 1:colcon.colcon_core.package_identification:_identify(beep_jetcobot_description) by extension 'colcon_pkg'
[2.479s] Level 1:colcon.colcon_core.package_identification:_identify(beep_jetcobot_description) by extensions ['colcon_meta']
[2.479s] Level 1:colcon.colcon_core.package_identification:_identify(beep_jetcobot_description) by extension 'colcon_meta'
[2.479s] Level 1:colcon.colcon_core.package_identification:_identify(beep_jetcobot_description) by extensions ['ros']
[2.479s] Level 1:colcon.colcon_core.package_identification:_identify(beep_jetcobot_description) by extension 'ros'
[2.482s] DEBUG:colcon.colcon_core.package_identification:Package 'beep_jetcobot_description' with type 'ros.ament_cmake' and name 'beep_jetcobot_description'
[2.482s] Level 1:colcon.colcon_core.package_identification:_identify(beep_jetcobot_moveit_config) by extensions ['ignore', 'ignore_ament_install']
[2.483s] Level 1:colcon.colcon_core.package_identification:_identify(beep_jetcobot_moveit_config) by extension 'ignore'
[2.483s] Level 1:colcon.colcon_core.package_identification:_identify(beep_jetcobot_moveit_config) by extension 'ignore_ament_install'
[2.483s] Level 1:colcon.colcon_core.package_identification:_identify(beep_jetcobot_moveit_config) by extensions ['colcon_pkg']
[2.483s] Level 1:colcon.colcon_core.package_identification:_identify(beep_jetcobot_moveit_config) by extension 'colcon_pkg'
[2.484s] Level 1:colcon.colcon_core.package_identification:_identify(beep_jetcobot_moveit_config) by extensions ['colcon_meta']
[2.484s] Level 1:colcon.colcon_core.package_identification:_identify(beep_jetcobot_moveit_config) by extension 'colcon_meta'
[2.484s] Level 1:colcon.colcon_core.package_identification:_identify(beep_jetcobot_moveit_config) by extensions ['ros']
[2.484s] Level 1:colcon.colcon_core.package_identification:_identify(beep_jetcobot_moveit_config) by extension 'ros'
[2.487s] DEBUG:colcon.colcon_core.package_identification:Package 'beep_jetcobot_moveit_config' with type 'ros.ament_cmake' and name 'beep_jetcobot_moveit_config'
[2.487s] Level 1:colcon.colcon_core.package_identification:_identify(beep_jetcobot_msgs) by extensions ['ignore', 'ignore_ament_install']
[2.488s] Level 1:colcon.colcon_core.package_identification:_identify(beep_jetcobot_msgs) by extension 'ignore'
[2.488s] Level 1:colcon.colcon_core.package_identification:_identify(beep_jetcobot_msgs) by extension 'ignore_ament_install'
[2.488s] Level 1:colcon.colcon_core.package_identification:_identify(beep_jetcobot_msgs) by extensions ['colcon_pkg']
[2.488s] Level 1:colcon.colcon_core.package_identification:_identify(beep_jetcobot_msgs) by extension 'colcon_pkg'
[2.489s] Level 1:colcon.colcon_core.package_identification:_identify(beep_jetcobot_msgs) by extensions ['colcon_meta']
[2.489s] Level 1:colcon.colcon_core.package_identification:_identify(beep_jetcobot_msgs) by extension 'colcon_meta'
[2.489s] Level 1:colcon.colcon_core.package_identification:_identify(beep_jetcobot_msgs) by extensions ['ros']
[2.489s] Level 1:colcon.colcon_core.package_identification:_identify(beep_jetcobot_msgs) by extension 'ros'
[2.491s] DEBUG:colcon.colcon_core.package_identification:Package 'beep_jetcobot_msgs' with type 'ros.ament_cmake' and name 'beep_jetcobot_msgs'
[2.492s] Level 1:colcon.colcon_core.package_identification:_identify(build) by extensions ['ignore', 'ignore_ament_install']
[2.492s] Level 1:colcon.colcon_core.package_identification:_identify(build) by extension 'ignore'
[2.492s] Level 1:colcon.colcon_core.package_identification:_identify(build) ignored
[2.493s] Level 1:colcon.colcon_core.package_identification:_identify(install) by extensions ['ignore', 'ignore_ament_install']
[2.493s] Level 1:colcon.colcon_core.package_identification:_identify(install) by extension 'ignore'
[2.493s] Level 1:colcon.colcon_core.package_identification:_identify(install) ignored
[2.494s] Level 1:colcon.colcon_core.package_identification:_identify(log) by extensions ['ignore', 'ignore_ament_install']
[2.494s] Level 1:colcon.colcon_core.package_identification:_identify(log) by extension 'ignore'
[2.494s] Level 1:colcon.colcon_core.package_identification:_identify(log) ignored
[2.494s] Level 1:colcon.colcon_core.package_discovery:discover_packages(recursive) using defaults
[2.494s] Level 1:colcon.colcon_core.package_discovery:discover_packages(ignore) discover
[2.495s] Level 1:colcon.colcon_core.package_discovery:discover_packages(ignore) using defaults
[2.495s] Level 1:colcon.colcon_core.package_discovery:discover_packages(path) discover
[2.495s] Level 1:colcon.colcon_core.package_discovery:discover_packages(path) using defaults
[2.656s] INFO:colcon.colcon_core.package_selection:Skipping not selected package 'beep_jetcobot_description' in 'beep_jetcobot_description'
[2.657s] INFO:colcon.colcon_core.package_selection:Skipping not selected package 'beep_jetcobot_moveit_config' in 'beep_jetcobot_moveit_config'
[2.657s] INFO:colcon.colcon_core.package_selection:Skipping not selected package 'beep_jetcobot_msgs' in 'beep_jetcobot_msgs'
[2.657s] INFO:colcon.colcon_core.package_selection:Skipping not selected package 'beep_jetcobot_bringup' in 'beep_jetcobot_bringup'
[2.662s] Level 1:colcon.colcon_core.package_discovery:discover_packages(prefix_path) check parameters
[2.662s] Level 1:colcon.colcon_core.package_discovery:discover_packages(prefix_path) discover
[2.704s] DEBUG:colcon.colcon_installed_package_information.package_discovery:Found 42 installed packages in /home/jetcobot/jetcobot_ws/install
[2.734s] DEBUG:colcon.colcon_installed_package_information.package_discovery:Found 430 installed packages in /opt/ros/jazzy
[2.739s] Level 1:colcon.colcon_core.package_discovery:discover_packages(prefix_path) using defaults
[3.894s] WARNING:colcon.colcon_core.package_selection:Some selected packages are already built in one or more underlay workspaces:
	'beep_jetcobot_control' is in: /home/jetcobot/jetcobot_ws/install/beep_jetcobot_control
If a package in a merged underlay workspace is overridden and it installs headers, then all packages in the overlay must sort their include directories by workspace order. Failure to do so may result in build failures or undefined behavior at run time.
If the overridden package is used by another package in any underlay, then the overriding package in the overlay must be API and ABI compatible or undefined behavior at run time may occur.

If you understand the risks and want to override a package anyways, add the following to the command line:
	--allow-overriding beep_jetcobot_control

This may be promoted to an error in a future release of colcon-override-check.
[3.901s] Level 5:colcon.colcon_core.verb:set package 'beep_jetcobot_control' build argument 'cmake_args' from command line to 'None'
[3.902s] Level 5:colcon.colcon_core.verb:set package 'beep_jetcobot_control' build argument 'cmake_target' from command line to 'None'
[3.902s] Level 5:colcon.colcon_core.verb:set package 'beep_jetcobot_control' build argument 'cmake_target_skip_unavailable' from command line to 'False'
[3.903s] Level 5:colcon.colcon_core.verb:set package 'beep_jetcobot_control' build argument 'cmake_clean_cache' from command line to 'False'
[3.903s] Level 5:colcon.colcon_core.verb:set package 'beep_jetcobot_control' build argument 'cmake_clean_first' from command line to 'False'
[3.903s] Level 5:colcon.colcon_core.verb:set package 'beep_jetcobot_control' build argument 'cmake_force_configure' from command line to 'False'
[3.903s] Level 5:colcon.colcon_core.verb:set package 'beep_jetcobot_control' build argument 'ament_cmake_args' from command line to 'None'
[3.904s] Level 5:colcon.colcon_core.verb:set package 'beep_jetcobot_control' build argument 'catkin_cmake_args' from command line to 'None'
[3.904s] Level 5:colcon.colcon_core.verb:set package 'beep_jetcobot_control' build argument 'catkin_skip_building_tests' from command line to 'False'
[3.905s] DEBUG:colcon.colcon_core.verb:Building package 'beep_jetcobot_control' with the following arguments: {'ament_cmake_args': None, 'build_base': '/home/jetcobot/jetcobot_ws/src/beep_jetcobot_ros2/build/beep_jetcobot_control', 'catkin_cmake_args': None, 'catkin_skip_building_tests': False, 'cmake_args': None, 'cmake_clean_cache': False, 'cmake_clean_first': False, 'cmake_force_configure': False, 'cmake_target': None, 'cmake_target_skip_unavailable': False, 'install_base': '/home/jetcobot/jetcobot_ws/src/beep_jetcobot_ros2/install/beep_jetcobot_control', 'merge_install': False, 'path': '/home/jetcobot/jetcobot_ws/src/beep_jetcobot_ros2/beep_jetcobot_control', 'symlink_install': False, 'test_result_base': None}
[3.906s] INFO:colcon.colcon_core.executor:Executing jobs using 'parallel' executor
[3.912s] DEBUG:colcon.colcon_parallel_executor.executor.parallel:run_until_complete
[3.914s] INFO:colcon.colcon_ros.task.ament_python.build:Building ROS package in '/home/jetcobot/jetcobot_ws/src/beep_jetcobot_ros2/beep_jetcobot_control' with build type 'ament_python'
[3.916s] Level 1:colcon.colcon_core.shell:create_environment_hook('beep_jetcobot_control', 'ament_prefix_path')
[3.948s] INFO:colcon.colcon_core.plugin_system:Skipping extension 'colcon_core.shell.bat': Not used on non-Windows systems
[3.950s] INFO:colcon.colcon_core.shell:Creating environment hook '/home/jetcobot/jetcobot_ws/src/beep_jetcobot_ros2/install/beep_jetcobot_control/share/beep_jetcobot_control/hook/ament_prefix_path.ps1'
[3.957s] INFO:colcon.colcon_core.shell:Creating environment descriptor '/home/jetcobot/jetcobot_ws/src/beep_jetcobot_ros2/install/beep_jetcobot_control/share/beep_jetcobot_control/hook/ament_prefix_path.dsv'
[3.962s] INFO:colcon.colcon_core.shell:Creating environment hook '/home/jetcobot/jetcobot_ws/src/beep_jetcobot_ros2/install/beep_jetcobot_control/share/beep_jetcobot_control/hook/ament_prefix_path.sh'
[3.967s] INFO:colcon.colcon_core.shell:Skip shell extension 'powershell' for command environment: Not usable outside of PowerShell
[3.967s] DEBUG:colcon.colcon_core.shell:Skip shell extension 'dsv' for command environment
[4.021s] WARNING:colcon.colcon_core.shell:The following packages are in the workspace but haven't been built:
- beep_jetcobot_msgs
They are being used from the following locations instead:
- /home/jetcobot/jetcobot_ws/install/beep_jetcobot_msgs
To suppress this warning ignore these packages in the workspace:
--packages-ignore beep_jetcobot_msgs
[5.746s] INFO:colcon.colcon_core.task.python.build:Building Python package in '/home/jetcobot/jetcobot_ws/src/beep_jetcobot_ros2/beep_jetcobot_control'
[5.748s] INFO:colcon.colcon_core.shell:Skip shell extension 'powershell' for command environment: Not usable outside of PowerShell
[5.748s] DEBUG:colcon.colcon_core.shell:Skip shell extension 'dsv' for command environment
[10.859s] DEBUG:colcon.colcon_core.event_handler.log_command:Invoking command in '/home/jetcobot/jetcobot_ws/src/beep_jetcobot_ros2/beep_jetcobot_control': DEBUGINFOD_URLS=https://debuginfod.ubuntu.com PYTHONPATH=/home/jetcobot/jetcobot_ws/src/beep_jetcobot_ros2/build/beep_jetcobot_control/prefix_override:/usr/lib/python3/dist-packages/colcon_core/task/python/colcon_distutils_commands:/home/jetcobot/jetcobot_ws/src/beep_jetcobot_ros2/install/beep_jetcobot_control/lib/python3.12/site-packages:${PYTHONPATH} /usr/bin/python3 -W ignore:setup.py install is deprecated -W ignore:easy_install command is deprecated setup.py egg_info --egg-base ../build/beep_jetcobot_control build --build-base /home/jetcobot/jetcobot_ws/src/beep_jetcobot_ros2/build/beep_jetcobot_control/build install --record /home/jetcobot/jetcobot_ws/src/beep_jetcobot_ros2/build/beep_jetcobot_control/install.log --single-version-externally-managed install_data
[15.256s] DEBUG:colcon.colcon_core.event_handler.log_command:Invoked command in '/home/jetcobot/jetcobot_ws/src/beep_jetcobot_ros2/beep_jetcobot_control' returned '0': DEBUGINFOD_URLS=https://debuginfod.ubuntu.com PYTHONPATH=/home/jetcobot/jetcobot_ws/src/beep_jetcobot_ros2/build/beep_jetcobot_control/prefix_override:/usr/lib/python3/dist-packages/colcon_core/task/python/colcon_distutils_commands:/home/jetcobot/jetcobot_ws/src/beep_jetcobot_ros2/install/beep_jetcobot_control/lib/python3.12/site-packages:${PYTHONPATH} /usr/bin/python3 -W ignore:setup.py install is deprecated -W ignore:easy_install command is deprecated setup.py egg_info --egg-base ../build/beep_jetcobot_control build --build-base /home/jetcobot/jetcobot_ws/src/beep_jetcobot_ros2/build/beep_jetcobot_control/build install --record /home/jetcobot/jetcobot_ws/src/beep_jetcobot_ros2/build/beep_jetcobot_control/install.log --single-version-externally-managed install_data
[15.305s] Level 1:colcon.colcon_core.environment:checking '/home/jetcobot/jetcobot_ws/src/beep_jetcobot_ros2/install/beep_jetcobot_control' for CMake module files
[15.309s] Level 1:colcon.colcon_core.environment:checking '/home/jetcobot/jetcobot_ws/src/beep_jetcobot_ros2/install/beep_jetcobot_control' for CMake config files
[15.314s] Level 1:colcon.colcon_core.environment:checking '/home/jetcobot/jetcobot_ws/src/beep_jetcobot_ros2/install/beep_jetcobot_control/lib'
[15.315s] Level 1:colcon.colcon_core.environment:checking '/home/jetcobot/jetcobot_ws/src/beep_jetcobot_ros2/install/beep_jetcobot_control/bin'
[15.315s] Level 1:colcon.colcon_core.environment:checking '/home/jetcobot/jetcobot_ws/src/beep_jetcobot_ros2/install/beep_jetcobot_control/lib/pkgconfig/beep_jetcobot_control.pc'
[15.316s] Level 1:colcon.colcon_core.environment:checking '/home/jetcobot/jetcobot_ws/src/beep_jetcobot_ros2/install/beep_jetcobot_control/lib/python3.12/site-packages'
[15.317s] Level 1:colcon.colcon_core.shell:create_environment_hook('beep_jetcobot_control', 'pythonpath')
[15.318s] INFO:colcon.colcon_core.shell:Creating environment hook '/home/jetcobot/jetcobot_ws/src/beep_jetcobot_ros2/install/beep_jetcobot_control/share/beep_jetcobot_control/hook/pythonpath.ps1'
[15.330s] INFO:colcon.colcon_core.shell:Creating environment descriptor '/home/jetcobot/jetcobot_ws/src/beep_jetcobot_ros2/install/beep_jetcobot_control/share/beep_jetcobot_control/hook/pythonpath.dsv'
[15.333s] INFO:colcon.colcon_core.shell:Creating environment hook '/home/jetcobot/jetcobot_ws/src/beep_jetcobot_ros2/install/beep_jetcobot_control/share/beep_jetcobot_control/hook/pythonpath.sh'
[15.338s] Level 1:colcon.colcon_core.environment:checking '/home/jetcobot/jetcobot_ws/src/beep_jetcobot_ros2/install/beep_jetcobot_control/bin'
[15.338s] Level 1:colcon.colcon_core.environment:create_environment_scripts_only(beep_jetcobot_control)
[15.339s] INFO:colcon.colcon_core.shell:Creating package script '/home/jetcobot/jetcobot_ws/src/beep_jetcobot_ros2/install/beep_jetcobot_control/share/beep_jetcobot_control/package.ps1'
[15.345s] INFO:colcon.colcon_core.shell:Creating package descriptor '/home/jetcobot/jetcobot_ws/src/beep_jetcobot_ros2/install/beep_jetcobot_control/share/beep_jetcobot_control/package.dsv'
[15.349s] INFO:colcon.colcon_core.shell:Creating package script '/home/jetcobot/jetcobot_ws/src/beep_jetcobot_ros2/install/beep_jetcobot_control/share/beep_jetcobot_control/package.sh'
[15.352s] INFO:colcon.colcon_core.shell:Creating package script '/home/jetcobot/jetcobot_ws/src/beep_jetcobot_ros2/install/beep_jetcobot_control/share/beep_jetcobot_control/package.bash'
[15.357s] INFO:colcon.colcon_core.shell:Creating package script '/home/jetcobot/jetcobot_ws/src/beep_jetcobot_ros2/install/beep_jetcobot_control/share/beep_jetcobot_control/package.zsh'
[15.361s] Level 1:colcon.colcon_core.environment:create_file_with_runtime_dependencies(/home/jetcobot/jetcobot_ws/src/beep_jetcobot_ros2/install/beep_jetcobot_control/share/colcon-core/packages/beep_jetcobot_control)
[15.363s] DEBUG:colcon.colcon_parallel_executor.executor.parallel:closing loop
[15.365s] DEBUG:colcon.colcon_parallel_executor.executor.parallel:loop closed
[15.365s] DEBUG:colcon.colcon_parallel_executor.executor.parallel:run_until_complete finished with '0'
[15.365s] DEBUG:colcon.colcon_core.event_reactor:joining thread
[15.367s] DEBUG:colcon.colcon_core.event_reactor:joined thread
[15.369s] INFO:colcon.colcon_core.shell:Creating prefix script '/home/jetcobot/jetcobot_ws/src/beep_jetcobot_ros2/install/local_setup.ps1'
[15.375s] INFO:colcon.colcon_core.shell:Creating prefix util module '/home/jetcobot/jetcobot_ws/src/beep_jetcobot_ros2/install/_local_setup_util_ps1.py'
[15.380s] INFO:colcon.colcon_core.shell:Creating prefix chain script '/home/jetcobot/jetcobot_ws/src/beep_jetcobot_ros2/install/setup.ps1'
[15.399s] INFO:colcon.colcon_core.shell:Creating prefix script '/home/jetcobot/jetcobot_ws/src/beep_jetcobot_ros2/install/local_setup.sh'
[15.402s] INFO:colcon.colcon_core.shell:Creating prefix util module '/home/jetcobot/jetcobot_ws/src/beep_jetcobot_ros2/install/_local_setup_util_sh.py'
[15.405s] INFO:colcon.colcon_core.shell:Creating prefix chain script '/home/jetcobot/jetcobot_ws/src/beep_jetcobot_ros2/install/setup.sh'
[15.425s] INFO:colcon.colcon_core.shell:Creating prefix script '/home/jetcobot/jetcobot_ws/src/beep_jetcobot_ros2/install/local_setup.bash'
[15.428s] INFO:colcon.colcon_core.shell:Creating prefix chain script '/home/jetcobot/jetcobot_ws/src/beep_jetcobot_ros2/install/setup.bash'
[15.448s] INFO:colcon.colcon_core.shell:Creating prefix script '/home/jetcobot/jetcobot_ws/src/beep_jetcobot_ros2/install/local_setup.zsh'
[15.451s] INFO:colcon.colcon_core.shell:Creating prefix chain script '/home/jetcobot/jetcobot_ws/src/beep_jetcobot_ros2/install/setup.zsh'
