[0.922s] DEBUG:colcon:Command line arguments: ['/usr/bin/colcon', 'build', '--packages-select', 'beep_jetcobot_bringup']
[0.922s] DEBUG:colcon:Parsed command line arguments: Namespace(log_base=None, log_level=None, verb_name='build', build_base='build', install_base='install', merge_install=False, symlink_install=False, test_result_base=None, continue_on_error=False, executor='parallel', parallel_workers=4, event_handlers=None, ignore_user_meta=False, metas=['./colcon.meta'], base_paths=['.'], packages_ignore=None, packages_ignore_regex=None, paths=None, packages_up_to=None, packages_up_to_regex=None, packages_above=None, packages_above_and_dependencies=None, packages_above_depth=None, packages_select_by_dep=None, packages_skip_by_dep=None, packages_skip_up_to=None, packages_select_build_failed=False, packages_skip_build_finished=False, packages_select_test_failures=False, packages_skip_test_passed=False, packages_select=['beep_jetcobot_bringup'], packages_skip=None, packages_select_regex=None, packages_skip_regex=None, packages_start=None, packages_end=None, allow_overriding=[], cmake_args=None, cmake_target=None, cmake_target_skip_unavailable=False, cmake_clean_cache=False, cmake_clean_first=False, cmake_force_configure=False, ament_cmake_args=None, catkin_cmake_args=None, catkin_skip_building_tests=False, mixin_files=None, mixin=None, verb_parser=<colcon_mixin.mixin.mixin_argument.MixinArgumentDecorator object at 0xffffa4de80e0>, verb_extension=<colcon_core.verb.build.BuildVerb object at 0xffffa4dbfcb0>, main=<bound method BuildVerb.main of <colcon_core.verb.build.BuildVerb object at 0xffffa4dbfcb0>>, mixin_verb=('build',))
[1.230s] Level 1:colcon.colcon_core.package_discovery:discover_packages(colcon_meta) check parameters
[1.231s] Level 1:colcon.colcon_core.package_discovery:discover_packages(recursive) check parameters
[1.231s] Level 1:colcon.colcon_core.package_discovery:discover_packages(ignore) check parameters
[1.231s] Level 1:colcon.colcon_core.package_discovery:discover_packages(path) check parameters
[1.231s] Level 1:colcon.colcon_core.package_discovery:discover_packages(colcon_meta) discover
[1.231s] Level 1:colcon.colcon_core.package_discovery:discover_packages(recursive) discover
[1.232s] INFO:colcon.colcon_core.package_discovery:Crawling recursively for packages in '/home/jetcobot/jetcobot_ws/src/beep_jetcobot_ros2'
[1.232s] Level 1:colcon.colcon_core.package_identification:_identify(.) by extensions ['ignore', 'ignore_ament_install']
[1.233s] Level 1:colcon.colcon_core.package_identification:_identify(.) by extension 'ignore'
[1.233s] Level 1:colcon.colcon_core.package_identification:_identify(.) by extension 'ignore_ament_install'
[1.233s] Level 1:colcon.colcon_core.package_identification:_identify(.) by extensions ['colcon_pkg']
[1.233s] Level 1:colcon.colcon_core.package_identification:_identify(.) by extension 'colcon_pkg'
[1.234s] Level 1:colcon.colcon_core.package_identification:_identify(.) by extensions ['colcon_meta']
[1.234s] Level 1:colcon.colcon_core.package_identification:_identify(.) by extension 'colcon_meta'
[1.234s] Level 1:colcon.colcon_core.package_identification:_identify(.) by extensions ['ros']
[1.234s] Level 1:colcon.colcon_core.package_identification:_identify(.) by extension 'ros'
[1.387s] Level 1:colcon.colcon_core.package_identification:_identify(.) by extensions ['cmake', 'python']
[1.387s] Level 1:colcon.colcon_core.package_identification:_identify(.) by extension 'cmake'
[1.387s] Level 1:colcon.colcon_core.package_identification:_identify(.) by extension 'python'
[1.387s] Level 1:colcon.colcon_core.package_identification:_identify(.) by extensions ['python_setup_py']
[1.387s] Level 1:colcon.colcon_core.package_identification:_identify(.) by extension 'python_setup_py'
[1.388s] Level 1:colcon.colcon_core.package_identification:_identify(beep_jetcobot_bringup) by extensions ['ignore', 'ignore_ament_install']
[1.389s] Level 1:colcon.colcon_core.package_identification:_identify(beep_jetcobot_bringup) by extension 'ignore'
[1.389s] Level 1:colcon.colcon_core.package_identification:_identify(beep_jetcobot_bringup) by extension 'ignore_ament_install'
[1.389s] Level 1:colcon.colcon_core.package_identification:_identify(beep_jetcobot_bringup) by extensions ['colcon_pkg']
[1.389s] Level 1:colcon.colcon_core.package_identification:_identify(beep_jetcobot_bringup) by extension 'colcon_pkg'
[1.390s] Level 1:colcon.colcon_core.package_identification:_identify(beep_jetcobot_bringup) by extensions ['colcon_meta']
[1.390s] Level 1:colcon.colcon_core.package_identification:_identify(beep_jetcobot_bringup) by extension 'colcon_meta'
[1.390s] Level 1:colcon.colcon_core.package_identification:_identify(beep_jetcobot_bringup) by extensions ['ros']
[1.390s] Level 1:colcon.colcon_core.package_identification:_identify(beep_jetcobot_bringup) by extension 'ros'
[1.407s] DEBUG:colcon.colcon_core.package_identification:Package 'beep_jetcobot_bringup' with type 'ros.ament_python' and name 'beep_jetcobot_bringup'
[1.408s] Level 1:colcon.colcon_core.package_identification:_identify(beep_jetcobot_control) by extensions ['ignore', 'ignore_ament_install']
[1.408s] Level 1:colcon.colcon_core.package_identification:_identify(beep_jetcobot_control) by extension 'ignore'
[1.409s] Level 1:colcon.colcon_core.package_identification:_identify(beep_jetcobot_control) by extension 'ignore_ament_install'
[1.409s] Level 1:colcon.colcon_core.package_identification:_identify(beep_jetcobot_control) by extensions ['colcon_pkg']
[1.409s] Level 1:colcon.colcon_core.package_identification:_identify(beep_jetcobot_control) by extension 'colcon_pkg'
[1.410s] Level 1:colcon.colcon_core.package_identification:_identify(beep_jetcobot_control) by extensions ['colcon_meta']
[1.410s] Level 1:colcon.colcon_core.package_identification:_identify(beep_jetcobot_control) by extension 'colcon_meta'
[1.410s] Level 1:colcon.colcon_core.package_identification:_identify(beep_jetcobot_control) by extensions ['ros']
[1.410s] Level 1:colcon.colcon_core.package_identification:_identify(beep_jetcobot_control) by extension 'ros'
[1.416s] DEBUG:colcon.colcon_core.package_identification:Package 'beep_jetcobot_control' with type 'ros.ament_python' and name 'beep_jetcobot_control'
[1.416s] Level 1:colcon.colcon_core.package_identification:_identify(beep_jetcobot_description) by extensions ['ignore', 'ignore_ament_install']
[1.417s] Level 1:colcon.colcon_core.package_identification:_identify(beep_jetcobot_description) by extension 'ignore'
[1.417s] Level 1:colcon.colcon_core.package_identification:_identify(beep_jetcobot_description) by extension 'ignore_ament_install'
[1.417s] Level 1:colcon.colcon_core.package_identification:_identify(beep_jetcobot_description) by extensions ['colcon_pkg']
[1.418s] Level 1:colcon.colcon_core.package_identification:_identify(beep_jetcobot_description) by extension 'colcon_pkg'
[1.418s] Level 1:colcon.colcon_core.package_identification:_identify(beep_jetcobot_description) by extensions ['colcon_meta']
[1.418s] Level 1:colcon.colcon_core.package_identification:_identify(beep_jetcobot_description) by extension 'colcon_meta'
[1.418s] Level 1:colcon.colcon_core.package_identification:_identify(beep_jetcobot_description) by extensions ['ros']
[1.418s] Level 1:colcon.colcon_core.package_identification:_identify(beep_jetcobot_description) by extension 'ros'
[1.421s] DEBUG:colcon.colcon_core.package_identification:Package 'beep_jetcobot_description' with type 'ros.ament_cmake' and name 'beep_jetcobot_description'
[1.422s] Level 1:colcon.colcon_core.package_identification:_identify(beep_jetcobot_moveit_config) by extensions ['ignore', 'ignore_ament_install']
[1.422s] Level 1:colcon.colcon_core.package_identification:_identify(beep_jetcobot_moveit_config) by extension 'ignore'
[1.422s] Level 1:colcon.colcon_core.package_identification:_identify(beep_jetcobot_moveit_config) by extension 'ignore_ament_install'
[1.423s] Level 1:colcon.colcon_core.package_identification:_identify(beep_jetcobot_moveit_config) by extensions ['colcon_pkg']
[1.423s] Level 1:colcon.colcon_core.package_identification:_identify(beep_jetcobot_moveit_config) by extension 'colcon_pkg'
[1.423s] Level 1:colcon.colcon_core.package_identification:_identify(beep_jetcobot_moveit_config) by extensions ['colcon_meta']
[1.423s] Level 1:colcon.colcon_core.package_identification:_identify(beep_jetcobot_moveit_config) by extension 'colcon_meta'
[1.424s] Level 1:colcon.colcon_core.package_identification:_identify(beep_jetcobot_moveit_config) by extensions ['ros']
[1.424s] Level 1:colcon.colcon_core.package_identification:_identify(beep_jetcobot_moveit_config) by extension 'ros'
[1.427s] DEBUG:colcon.colcon_core.package_identification:Package 'beep_jetcobot_moveit_config' with type 'ros.ament_cmake' and name 'beep_jetcobot_moveit_config'
[1.427s] Level 1:colcon.colcon_core.package_identification:_identify(beep_jetcobot_msgs) by extensions ['ignore', 'ignore_ament_install']
[1.428s] Level 1:colcon.colcon_core.package_identification:_identify(beep_jetcobot_msgs) by extension 'ignore'
[1.428s] Level 1:colcon.colcon_core.package_identification:_identify(beep_jetcobot_msgs) by extension 'ignore_ament_install'
[1.428s] Level 1:colcon.colcon_core.package_identification:_identify(beep_jetcobot_msgs) by extensions ['colcon_pkg']
[1.429s] Level 1:colcon.colcon_core.package_identification:_identify(beep_jetcobot_msgs) by extension 'colcon_pkg'
[1.429s] Level 1:colcon.colcon_core.package_identification:_identify(beep_jetcobot_msgs) by extensions ['colcon_meta']
[1.429s] Level 1:colcon.colcon_core.package_identification:_identify(beep_jetcobot_msgs) by extension 'colcon_meta'
[1.429s] Level 1:colcon.colcon_core.package_identification:_identify(beep_jetcobot_msgs) by extensions ['ros']
[1.429s] Level 1:colcon.colcon_core.package_identification:_identify(beep_jetcobot_msgs) by extension 'ros'
[1.432s] DEBUG:colcon.colcon_core.package_identification:Package 'beep_jetcobot_msgs' with type 'ros.ament_cmake' and name 'beep_jetcobot_msgs'
[1.433s] Level 1:colcon.colcon_core.package_identification:_identify(build) by extensions ['ignore', 'ignore_ament_install']
[1.433s] Level 1:colcon.colcon_core.package_identification:_identify(build) by extension 'ignore'
[1.433s] Level 1:colcon.colcon_core.package_identification:_identify(build) ignored
[1.434s] Level 1:colcon.colcon_core.package_identification:_identify(install) by extensions ['ignore', 'ignore_ament_install']
[1.434s] Level 1:colcon.colcon_core.package_identification:_identify(install) by extension 'ignore'
[1.434s] Level 1:colcon.colcon_core.package_identification:_identify(install) ignored
[1.435s] Level 1:colcon.colcon_core.package_identification:_identify(log) by extensions ['ignore', 'ignore_ament_install']
[1.435s] Level 1:colcon.colcon_core.package_identification:_identify(log) by extension 'ignore'
[1.435s] Level 1:colcon.colcon_core.package_identification:_identify(log) ignored
[1.436s] Level 1:colcon.colcon_core.package_discovery:discover_packages(recursive) using defaults
[1.436s] Level 1:colcon.colcon_core.package_discovery:discover_packages(ignore) discover
[1.436s] Level 1:colcon.colcon_core.package_discovery:discover_packages(ignore) using defaults
[1.436s] Level 1:colcon.colcon_core.package_discovery:discover_packages(path) discover
[1.436s] Level 1:colcon.colcon_core.package_discovery:discover_packages(path) using defaults
[1.563s] INFO:colcon.colcon_core.package_selection:Skipping not selected package 'beep_jetcobot_description' in 'beep_jetcobot_description'
[1.563s] INFO:colcon.colcon_core.package_selection:Skipping not selected package 'beep_jetcobot_moveit_config' in 'beep_jetcobot_moveit_config'
[1.563s] INFO:colcon.colcon_core.package_selection:Skipping not selected package 'beep_jetcobot_msgs' in 'beep_jetcobot_msgs'
[1.563s] INFO:colcon.colcon_core.package_selection:Skipping not selected package 'beep_jetcobot_control' in 'beep_jetcobot_control'
[1.567s] Level 1:colcon.colcon_core.package_discovery:discover_packages(prefix_path) check parameters
[1.568s] Level 1:colcon.colcon_core.package_discovery:discover_packages(prefix_path) discover
[1.614s] DEBUG:colcon.colcon_installed_package_information.package_discovery:Found 430 installed packages in /opt/ros/jazzy
[1.620s] Level 1:colcon.colcon_core.package_discovery:discover_packages(prefix_path) using defaults
[2.007s] Level 5:colcon.colcon_core.verb:set package 'beep_jetcobot_bringup' build argument 'cmake_args' from command line to 'None'
[2.007s] Level 5:colcon.colcon_core.verb:set package 'beep_jetcobot_bringup' build argument 'cmake_target' from command line to 'None'
[2.007s] Level 5:colcon.colcon_core.verb:set package 'beep_jetcobot_bringup' build argument 'cmake_target_skip_unavailable' from command line to 'False'
[2.008s] Level 5:colcon.colcon_core.verb:set package 'beep_jetcobot_bringup' build argument 'cmake_clean_cache' from command line to 'False'
[2.008s] Level 5:colcon.colcon_core.verb:set package 'beep_jetcobot_bringup' build argument 'cmake_clean_first' from command line to 'False'
[2.008s] Level 5:colcon.colcon_core.verb:set package 'beep_jetcobot_bringup' build argument 'cmake_force_configure' from command line to 'False'
[2.008s] Level 5:colcon.colcon_core.verb:set package 'beep_jetcobot_bringup' build argument 'ament_cmake_args' from command line to 'None'
[2.008s] Level 5:colcon.colcon_core.verb:set package 'beep_jetcobot_bringup' build argument 'catkin_cmake_args' from command line to 'None'
[2.008s] Level 5:colcon.colcon_core.verb:set package 'beep_jetcobot_bringup' build argument 'catkin_skip_building_tests' from command line to 'False'
[2.008s] DEBUG:colcon.colcon_core.verb:Building package 'beep_jetcobot_bringup' with the following arguments: {'ament_cmake_args': None, 'build_base': '/home/jetcobot/jetcobot_ws/src/beep_jetcobot_ros2/build/beep_jetcobot_bringup', 'catkin_cmake_args': None, 'catkin_skip_building_tests': False, 'cmake_args': None, 'cmake_clean_cache': False, 'cmake_clean_first': False, 'cmake_force_configure': False, 'cmake_target': None, 'cmake_target_skip_unavailable': False, 'install_base': '/home/jetcobot/jetcobot_ws/src/beep_jetcobot_ros2/install/beep_jetcobot_bringup', 'merge_install': False, 'path': '/home/jetcobot/jetcobot_ws/src/beep_jetcobot_ros2/beep_jetcobot_bringup', 'symlink_install': False, 'test_result_base': None}
[2.009s] INFO:colcon.colcon_core.executor:Executing jobs using 'parallel' executor
[2.012s] DEBUG:colcon.colcon_parallel_executor.executor.parallel:run_until_complete
[2.013s] INFO:colcon.colcon_ros.task.ament_python.build:Building ROS package in '/home/jetcobot/jetcobot_ws/src/beep_jetcobot_ros2/beep_jetcobot_bringup' with build type 'ament_python'
[2.014s] Level 1:colcon.colcon_core.shell:create_environment_hook('beep_jetcobot_bringup', 'ament_prefix_path')
[2.037s] INFO:colcon.colcon_core.plugin_system:Skipping extension 'colcon_core.shell.bat': Not used on non-Windows systems
[2.039s] INFO:colcon.colcon_core.shell:Creating environment hook '/home/jetcobot/jetcobot_ws/src/beep_jetcobot_ros2/install/beep_jetcobot_bringup/share/beep_jetcobot_bringup/hook/ament_prefix_path.ps1'
[2.043s] INFO:colcon.colcon_core.shell:Creating environment descriptor '/home/jetcobot/jetcobot_ws/src/beep_jetcobot_ros2/install/beep_jetcobot_bringup/share/beep_jetcobot_bringup/hook/ament_prefix_path.dsv'
[2.046s] INFO:colcon.colcon_core.shell:Creating environment hook '/home/jetcobot/jetcobot_ws/src/beep_jetcobot_ros2/install/beep_jetcobot_bringup/share/beep_jetcobot_bringup/hook/ament_prefix_path.sh'
[2.051s] INFO:colcon.colcon_core.shell:Skip shell extension 'powershell' for command environment: Not usable outside of PowerShell
[2.051s] DEBUG:colcon.colcon_core.shell:Skip shell extension 'dsv' for command environment
[2.070s] ERROR:colcon.colcon_ros.task.ament_python.build:Failed to find the following files:
- /home/jetcobot/jetcobot_ws/src/beep_jetcobot_ros2/install/beep_jetcobot_msgs/share/beep_jetcobot_msgs/package.sh
Check that the following packages have been built:
- beep_jetcobot_msgs
[2.081s] DEBUG:colcon.colcon_parallel_executor.executor.parallel:closing loop
[2.082s] DEBUG:colcon.colcon_parallel_executor.executor.parallel:loop closed
[2.082s] DEBUG:colcon.colcon_parallel_executor.executor.parallel:run_until_complete finished with '1'
[2.083s] DEBUG:colcon.colcon_core.event_reactor:joining thread
[2.084s] DEBUG:colcon.colcon_core.event_reactor:joined thread
[2.085s] INFO:colcon.colcon_core.shell:Creating prefix script '/home/jetcobot/jetcobot_ws/src/beep_jetcobot_ros2/install/local_setup.ps1'
[2.094s] INFO:colcon.colcon_core.shell:Creating prefix util module '/home/jetcobot/jetcobot_ws/src/beep_jetcobot_ros2/install/_local_setup_util_ps1.py'
[2.102s] INFO:colcon.colcon_core.shell:Creating prefix chain script '/home/jetcobot/jetcobot_ws/src/beep_jetcobot_ros2/install/setup.ps1'
[2.108s] INFO:colcon.colcon_core.shell:Creating prefix script '/home/jetcobot/jetcobot_ws/src/beep_jetcobot_ros2/install/local_setup.sh'
[2.111s] INFO:colcon.colcon_core.shell:Creating prefix util module '/home/jetcobot/jetcobot_ws/src/beep_jetcobot_ros2/install/_local_setup_util_sh.py'
[2.114s] INFO:colcon.colcon_core.shell:Creating prefix chain script '/home/jetcobot/jetcobot_ws/src/beep_jetcobot_ros2/install/setup.sh'
[2.130s] INFO:colcon.colcon_core.shell:Creating prefix script '/home/jetcobot/jetcobot_ws/src/beep_jetcobot_ros2/install/local_setup.bash'
[2.206s] INFO:colcon.colcon_core.shell:Creating prefix chain script '/home/jetcobot/jetcobot_ws/src/beep_jetcobot_ros2/install/setup.bash'
[2.281s] INFO:colcon.colcon_core.shell:Creating prefix script '/home/jetcobot/jetcobot_ws/src/beep_jetcobot_ros2/install/local_setup.zsh'
[2.355s] INFO:colcon.colcon_core.shell:Creating prefix chain script '/home/jetcobot/jetcobot_ws/src/beep_jetcobot_ros2/install/setup.zsh'
