[9.607s] Invoking command in '/home/jetcobot/jetcobot_ws/src/beep_jetcobot_ros2/beep_jetcobot_control': DEBUGINFOD_URLS=https://debuginfod.ubuntu.com PYTHONPATH=/home/jetcobot/jetcobot_ws/src/beep_jetcobot_ros2/build/beep_jetcobot_control/prefix_override:/usr/lib/python3/dist-packages/colcon_core/task/python/colcon_distutils_commands:/home/jetcobot/jetcobot_ws/src/beep_jetcobot_ros2/install/beep_jetcobot_control/lib/python3.12/site-packages:${PYTHONPATH} /usr/bin/python3 -W ignore:setup.py install is deprecated -W ignore:easy_install command is deprecated setup.py egg_info --egg-base ../build/beep_jetcobot_control build --build-base /home/jetcobot/jetcobot_ws/src/beep_jetcobot_ros2/build/beep_jetcobot_control/build install --record /home/jetcobot/jetcobot_ws/src/beep_jetcobot_ros2/build/beep_jetcobot_control/install.log --single-version-externally-managed install_data
[12.494s] running egg_info
[12.738s] writing ../build/beep_jetcobot_control/beep_jetcobot_control.egg-info/PKG-INFO
[12.740s] writing dependency_links to ../build/beep_jetcobot_control/beep_jetcobot_control.egg-info/dependency_links.txt
[12.743s] writing entry points to ../build/beep_jetcobot_control/beep_jetcobot_control.egg-info/entry_points.txt
[12.745s] writing requirements to ../build/beep_jetcobot_control/beep_jetcobot_control.egg-info/requires.txt
[12.745s] writing top-level names to ../build/beep_jetcobot_control/beep_jetcobot_control.egg-info/top_level.txt
[13.278s] reading manifest file '../build/beep_jetcobot_control/beep_jetcobot_control.egg-info/SOURCES.txt'
[13.285s] writing manifest file '../build/beep_jetcobot_control/beep_jetcobot_control.egg-info/SOURCES.txt'
[13.287s] running build
[13.288s] running build_py
[13.291s] copying beep_jetcobot_control/pick_place_action_server_ver.py -> /home/jetcobot/jetcobot_ws/src/beep_jetcobot_ros2/build/beep_jetcobot_control/build/lib/beep_jetcobot_control
[13.291s] copying beep_jetcobot_control/pick_place_action_server.py -> /home/jetcobot/jetcobot_ws/src/beep_jetcobot_ros2/build/beep_jetcobot_control/build/lib/beep_jetcobot_control
[13.294s] copying beep_jetcobot_control/yolo_detector.py -> /home/jetcobot/jetcobot_ws/src/beep_jetcobot_ros2/build/beep_jetcobot_control/build/lib/beep_jetcobot_control
[13.297s] copying beep_jetcobot_control/joint_control.py -> /home/jetcobot/jetcobot_ws/src/beep_jetcobot_ros2/build/beep_jetcobot_control/build/lib/beep_jetcobot_control
[13.299s] copying beep_jetcobot_control/pick_place_ver2.py -> /home/jetcobot/jetcobot_ws/src/beep_jetcobot_ros2/build/beep_jetcobot_control/build/lib/beep_jetcobot_control
[13.301s] copying beep_jetcobot_control/pick_place_action_server_ver4.py -> /home/jetcobot/jetcobot_ws/src/beep_jetcobot_ros2/build/beep_jetcobot_control/build/lib/beep_jetcobot_control
[13.302s] copying beep_jetcobot_control/pick_place_action_server_ver3.py -> /home/jetcobot/jetcobot_ws/src/beep_jetcobot_ros2/build/beep_jetcobot_control/build/lib/beep_jetcobot_control
[13.302s] running install
[13.337s] running install_lib
[13.585s] copying /home/jetcobot/jetcobot_ws/src/beep_jetcobot_ros2/build/beep_jetcobot_control/build/lib/beep_jetcobot_control/pick_place_action_server_ver.py -> /home/jetcobot/jetcobot_ws/src/beep_jetcobot_ros2/install/beep_jetcobot_control/lib/python3.12/site-packages/beep_jetcobot_control
[13.587s] copying /home/jetcobot/jetcobot_ws/src/beep_jetcobot_ros2/build/beep_jetcobot_control/build/lib/beep_jetcobot_control/pick_place_action_server.py -> /home/jetcobot/jetcobot_ws/src/beep_jetcobot_ros2/install/beep_jetcobot_control/lib/python3.12/site-packages/beep_jetcobot_control
[13.588s] copying /home/jetcobot/jetcobot_ws/src/beep_jetcobot_ros2/build/beep_jetcobot_control/build/lib/beep_jetcobot_control/yolo_detector.py -> /home/jetcobot/jetcobot_ws/src/beep_jetcobot_ros2/install/beep_jetcobot_control/lib/python3.12/site-packages/beep_jetcobot_control
[13.591s] copying /home/jetcobot/jetcobot_ws/src/beep_jetcobot_ros2/build/beep_jetcobot_control/build/lib/beep_jetcobot_control/joint_control.py -> /home/jetcobot/jetcobot_ws/src/beep_jetcobot_ros2/install/beep_jetcobot_control/lib/python3.12/site-packages/beep_jetcobot_control
[13.592s] copying /home/jetcobot/jetcobot_ws/src/beep_jetcobot_ros2/build/beep_jetcobot_control/build/lib/beep_jetcobot_control/pick_place_ver2.py -> /home/jetcobot/jetcobot_ws/src/beep_jetcobot_ros2/install/beep_jetcobot_control/lib/python3.12/site-packages/beep_jetcobot_control
[13.594s] copying /home/jetcobot/jetcobot_ws/src/beep_jetcobot_ros2/build/beep_jetcobot_control/build/lib/beep_jetcobot_control/pick_place_action_server_ver4.py -> /home/jetcobot/jetcobot_ws/src/beep_jetcobot_ros2/install/beep_jetcobot_control/lib/python3.12/site-packages/beep_jetcobot_control
[13.595s] copying /home/jetcobot/jetcobot_ws/src/beep_jetcobot_ros2/build/beep_jetcobot_control/build/lib/beep_jetcobot_control/pick_place_action_server_ver3.py -> /home/jetcobot/jetcobot_ws/src/beep_jetcobot_ros2/install/beep_jetcobot_control/lib/python3.12/site-packages/beep_jetcobot_control
[13.605s] byte-compiling /home/jetcobot/jetcobot_ws/src/beep_jetcobot_ros2/install/beep_jetcobot_control/lib/python3.12/site-packages/beep_jetcobot_control/pick_place_action_server_ver.py to pick_place_action_server_ver.cpython-312.pyc
[13.625s] byte-compiling /home/jetcobot/jetcobot_ws/src/beep_jetcobot_ros2/install/beep_jetcobot_control/lib/python3.12/site-packages/beep_jetcobot_control/pick_place_action_server.py to pick_place_action_server.cpython-312.pyc
[13.641s] byte-compiling /home/jetcobot/jetcobot_ws/src/beep_jetcobot_ros2/install/beep_jetcobot_control/lib/python3.12/site-packages/beep_jetcobot_control/yolo_detector.py to yolo_detector.cpython-312.pyc
[13.651s] byte-compiling /home/jetcobot/jetcobot_ws/src/beep_jetcobot_ros2/install/beep_jetcobot_control/lib/python3.12/site-packages/beep_jetcobot_control/joint_control.py to joint_control.cpython-312.pyc
[13.658s] byte-compiling /home/jetcobot/jetcobot_ws/src/beep_jetcobot_ros2/install/beep_jetcobot_control/lib/python3.12/site-packages/beep_jetcobot_control/pick_place_ver2.py to pick_place_ver2.cpython-312.pyc
[13.666s] byte-compiling /home/jetcobot/jetcobot_ws/src/beep_jetcobot_ros2/install/beep_jetcobot_control/lib/python3.12/site-packages/beep_jetcobot_control/pick_place_action_server_ver4.py to pick_place_action_server_ver4.cpython-312.pyc
[13.687s] byte-compiling /home/jetcobot/jetcobot_ws/src/beep_jetcobot_ros2/install/beep_jetcobot_control/lib/python3.12/site-packages/beep_jetcobot_control/pick_place_action_server_ver3.py to pick_place_action_server_ver3.cpython-312.pyc
[13.694s] running install_data
[13.702s] running install_egg_info
[14.000s] removing '/home/jetcobot/jetcobot_ws/src/beep_jetcobot_ros2/install/beep_jetcobot_control/lib/python3.12/site-packages/beep_jetcobot_control-0.0.0-py3.12.egg-info' (and everything under it)
[14.009s] Copying ../build/beep_jetcobot_control/beep_jetcobot_control.egg-info to /home/jetcobot/jetcobot_ws/src/beep_jetcobot_ros2/install/beep_jetcobot_control/lib/python3.12/site-packages/beep_jetcobot_control-0.0.0-py3.12.egg-info
[14.019s] running install_scripts
[15.764s] Installing aruco_detector script to /home/jetcobot/jetcobot_ws/src/beep_jetcobot_ros2/install/beep_jetcobot_control/lib/beep_jetcobot_control
[15.765s] Installing contour_detector script to /home/jetcobot/jetcobot_ws/src/beep_jetcobot_ros2/install/beep_jetcobot_control/lib/beep_jetcobot_control
[15.767s] Installing handeye_tf_publisher script to /home/jetcobot/jetcobot_ws/src/beep_jetcobot_ros2/install/beep_jetcobot_control/lib/beep_jetcobot_control
[15.769s] Installing joint_control script to /home/jetcobot/jetcobot_ws/src/beep_jetcobot_ros2/install/beep_jetcobot_control/lib/beep_jetcobot_control
[15.771s] Installing pick_place script to /home/jetcobot/jetcobot_ws/src/beep_jetcobot_ros2/install/beep_jetcobot_control/lib/beep_jetcobot_control
[15.773s] Installing pick_place_action_server script to /home/jetcobot/jetcobot_ws/src/beep_jetcobot_ros2/install/beep_jetcobot_control/lib/beep_jetcobot_control
[15.775s] Installing pick_place_action_server_ver script to /home/jetcobot/jetcobot_ws/src/beep_jetcobot_ros2/install/beep_jetcobot_control/lib/beep_jetcobot_control
[15.779s] Installing pick_place_action_server_ver3 script to /home/jetcobot/jetcobot_ws/src/beep_jetcobot_ros2/install/beep_jetcobot_control/lib/beep_jetcobot_control
[15.780s] Installing pick_place_action_server_ver4 script to /home/jetcobot/jetcobot_ws/src/beep_jetcobot_ros2/install/beep_jetcobot_control/lib/beep_jetcobot_control
[15.781s] Installing pick_place_angle script to /home/jetcobot/jetcobot_ws/src/beep_jetcobot_ros2/install/beep_jetcobot_control/lib/beep_jetcobot_control
[15.786s] Installing pick_place_tf script to /home/jetcobot/jetcobot_ws/src/beep_jetcobot_ros2/install/beep_jetcobot_control/lib/beep_jetcobot_control
[15.791s] Installing pick_place_ver2 script to /home/jetcobot/jetcobot_ws/src/beep_jetcobot_ros2/install/beep_jetcobot_control/lib/beep_jetcobot_control
[15.796s] Installing yolo_detector script to /home/jetcobot/jetcobot_ws/src/beep_jetcobot_ros2/install/beep_jetcobot_control/lib/beep_jetcobot_control
[15.799s] writing list of installed files to '/home/jetcobot/jetcobot_ws/src/beep_jetcobot_ros2/build/beep_jetcobot_control/install.log'
[15.986s] Invoked command in '/home/jetcobot/jetcobot_ws/src/beep_jetcobot_ros2/beep_jetcobot_control' returned '0': DEBUGINFOD_URLS=https://debuginfod.ubuntu.com PYTHONPATH=/home/jetcobot/jetcobot_ws/src/beep_jetcobot_ros2/build/beep_jetcobot_control/prefix_override:/usr/lib/python3/dist-packages/colcon_core/task/python/colcon_distutils_commands:/home/jetcobot/jetcobot_ws/src/beep_jetcobot_ros2/install/beep_jetcobot_control/lib/python3.12/site-packages:${PYTHONPATH} /usr/bin/python3 -W ignore:setup.py install is deprecated -W ignore:easy_install command is deprecated setup.py egg_info --egg-base ../build/beep_jetcobot_control build --build-base /home/jetcobot/jetcobot_ws/src/beep_jetcobot_ros2/build/beep_jetcobot_control/build install --record /home/jetcobot/jetcobot_ws/src/beep_jetcobot_ros2/build/beep_jetcobot_control/install.log --single-version-externally-managed install_data
