/home/jetcobot/jetcobot_ws/src/beep_jetcobot_ros2/install/beep_jetcobot_control/lib/python3.12/site-packages/beep_jetcobot_control/__init__.py
/home/jetcobot/jetcobot_ws/src/beep_jetcobot_ros2/install/beep_jetcobot_control/lib/python3.12/site-packages/beep_jetcobot_control/pick_place_action_server.py
/home/jetcobot/jetcobot_ws/src/beep_jetcobot_ros2/install/beep_jetcobot_control/lib/python3.12/site-packages/beep_jetcobot_control/contour_detector.py
/home/jetcobot/jetcobot_ws/src/beep_jetcobot_ros2/install/beep_jetcobot_control/lib/python3.12/site-packages/beep_jetcobot_control/yolo_detector.py
/home/jetcobot/jetcobot_ws/src/beep_jetcobot_ros2/install/beep_jetcobot_control/lib/python3.12/site-packages/beep_jetcobot_control/joint_control.py
/home/jetcobot/jetcobot_ws/src/beep_jetcobot_ros2/install/beep_jetcobot_control/lib/python3.12/site-packages/beep_jetcobot_control/pick_place_ver2.py
/home/jetcobot/jetcobot_ws/src/beep_jetcobot_ros2/install/beep_jetcobot_control/lib/python3.12/site-packages/beep_jetcobot_control/__pycache__/__init__.cpython-312.pyc
/home/jetcobot/jetcobot_ws/src/beep_jetcobot_ros2/install/beep_jetcobot_control/lib/python3.12/site-packages/beep_jetcobot_control/__pycache__/pick_place_action_server.cpython-312.pyc
/home/jetcobot/jetcobot_ws/src/beep_jetcobot_ros2/install/beep_jetcobot_control/lib/python3.12/site-packages/beep_jetcobot_control/__pycache__/contour_detector.cpython-312.pyc
/home/jetcobot/jetcobot_ws/src/beep_jetcobot_ros2/install/beep_jetcobot_control/lib/python3.12/site-packages/beep_jetcobot_control/__pycache__/yolo_detector.cpython-312.pyc
/home/jetcobot/jetcobot_ws/src/beep_jetcobot_ros2/install/beep_jetcobot_control/lib/python3.12/site-packages/beep_jetcobot_control/__pycache__/joint_control.cpython-312.pyc
/home/jetcobot/jetcobot_ws/src/beep_jetcobot_ros2/install/beep_jetcobot_control/lib/python3.12/site-packages/beep_jetcobot_control/__pycache__/pick_place_ver2.cpython-312.pyc
/home/jetcobot/jetcobot_ws/src/beep_jetcobot_ros2/install/beep_jetcobot_control/share/ament_index/resource_index/packages/beep_jetcobot_control
/home/jetcobot/jetcobot_ws/src/beep_jetcobot_ros2/install/beep_jetcobot_control/share/beep_jetcobot_control/package.xml
/home/jetcobot/jetcobot_ws/src/beep_jetcobot_ros2/install/beep_jetcobot_control/share/beep_jetcobot_control/config/camera_cali.yaml
/home/jetcobot/jetcobot_ws/src/beep_jetcobot_ros2/install/beep_jetcobot_control/share/beep_jetcobot_control/config/handeye_result.yaml
/home/jetcobot/jetcobot_ws/src/beep_jetcobot_ros2/install/beep_jetcobot_control/lib/python3.12/site-packages/beep_jetcobot_control-0.0.0-py3.12.egg-info/SOURCES.txt
/home/jetcobot/jetcobot_ws/src/beep_jetcobot_ros2/install/beep_jetcobot_control/lib/python3.12/site-packages/beep_jetcobot_control-0.0.0-py3.12.egg-info/top_level.txt
/home/jetcobot/jetcobot_ws/src/beep_jetcobot_ros2/install/beep_jetcobot_control/lib/python3.12/site-packages/beep_jetcobot_control-0.0.0-py3.12.egg-info/PKG-INFO
/home/jetcobot/jetcobot_ws/src/beep_jetcobot_ros2/install/beep_jetcobot_control/lib/python3.12/site-packages/beep_jetcobot_control-0.0.0-py3.12.egg-info/zip-safe
/home/jetcobot/jetcobot_ws/src/beep_jetcobot_ros2/install/beep_jetcobot_control/lib/python3.12/site-packages/beep_jetcobot_control-0.0.0-py3.12.egg-info/requires.txt
/home/jetcobot/jetcobot_ws/src/beep_jetcobot_ros2/install/beep_jetcobot_control/lib/python3.12/site-packages/beep_jetcobot_control-0.0.0-py3.12.egg-info/dependency_links.txt
/home/jetcobot/jetcobot_ws/src/beep_jetcobot_ros2/install/beep_jetcobot_control/lib/python3.12/site-packages/beep_jetcobot_control-0.0.0-py3.12.egg-info/entry_points.txt
/home/jetcobot/jetcobot_ws/src/beep_jetcobot_ros2/install/beep_jetcobot_control/lib/beep_jetcobot_control/aruco_detector
/home/jetcobot/jetcobot_ws/src/beep_jetcobot_ros2/install/beep_jetcobot_control/lib/beep_jetcobot_control/contour_detector
/home/jetcobot/jetcobot_ws/src/beep_jetcobot_ros2/install/beep_jetcobot_control/lib/beep_jetcobot_control/handeye_tf_publisher
/home/jetcobot/jetcobot_ws/src/beep_jetcobot_ros2/install/beep_jetcobot_control/lib/beep_jetcobot_control/joint_control
/home/jetcobot/jetcobot_ws/src/beep_jetcobot_ros2/install/beep_jetcobot_control/lib/beep_jetcobot_control/pick_place
/home/jetcobot/jetcobot_ws/src/beep_jetcobot_ros2/install/beep_jetcobot_control/lib/beep_jetcobot_control/pick_place_action_server
/home/jetcobot/jetcobot_ws/src/beep_jetcobot_ros2/install/beep_jetcobot_control/lib/beep_jetcobot_control/pick_place_angle
/home/jetcobot/jetcobot_ws/src/beep_jetcobot_ros2/install/beep_jetcobot_control/lib/beep_jetcobot_control/pick_place_tf
/home/jetcobot/jetcobot_ws/src/beep_jetcobot_ros2/install/beep_jetcobot_control/lib/beep_jetcobot_control/pick_place_ver2
/home/jetcobot/jetcobot_ws/src/beep_jetcobot_ros2/install/beep_jetcobot_control/lib/beep_jetcobot_control/yolo_detector
