[17.289s] Invoking command in '/home/jetcobot/jetcobot_ws/src/beep_jetcobot_ros2/beep_jetcobot_control': DEBUGINFOD_URLS=https://debuginfod.ubuntu.com PYTHONPATH=/home/jetcobot/jetcobot_ws/src/beep_jetcobot_ros2/build/beep_jetcobot_control/prefix_override:/usr/lib/python3/dist-packages/colcon_core/task/python/colcon_distutils_commands:/home/jetcobot/jetcobot_ws/src/beep_jetcobot_ros2/install/beep_jetcobot_control/lib/python3.12/site-packages:${PYTHONPATH} /usr/bin/python3 -W ignore:setup.py install is deprecated -W ignore:easy_install command is deprecated setup.py egg_info --egg-base ../build/beep_jetcobot_control build --build-base /home/jetcobot/jetcobot_ws/src/beep_jetcobot_ros2/build/beep_jetcobot_control/build install --record /home/jetcobot/jetcobot_ws/src/beep_jetcobot_ros2/build/beep_jetcobot_control/install.log --single-version-externally-managed install_data
[119.008s] running egg_info
[119.458s] writing ../build/beep_jetcobot_control/beep_jetcobot_control.egg-info/PKG-INFO
[119.461s] writing dependency_links to ../build/beep_jetcobot_control/beep_jetcobot_control.egg-info/dependency_links.txt
[119.463s] writing entry points to ../build/beep_jetcobot_control/beep_jetcobot_control.egg-info/entry_points.txt
[119.465s] writing requirements to ../build/beep_jetcobot_control/beep_jetcobot_control.egg-info/requires.txt
[119.468s] writing top-level names to ../build/beep_jetcobot_control/beep_jetcobot_control.egg-info/top_level.txt
[120.228s] reading manifest file '../build/beep_jetcobot_control/beep_jetcobot_control.egg-info/SOURCES.txt'
[120.236s] writing manifest file '../build/beep_jetcobot_control/beep_jetcobot_control.egg-info/SOURCES.txt'
[120.237s] running build
[120.238s] running build_py
[120.242s] copying beep_jetcobot_control/yolo_detector.py -> /home/jetcobot/jetcobot_ws/src/beep_jetcobot_ros2/build/beep_jetcobot_control/build/lib/beep_jetcobot_control
[120.247s] running install
[120.311s] running install_lib
[121.072s] copying /home/jetcobot/jetcobot_ws/src/beep_jetcobot_ros2/build/beep_jetcobot_control/build/lib/beep_jetcobot_control/yolo_detector.py -> /home/jetcobot/jetcobot_ws/src/beep_jetcobot_ros2/install/beep_jetcobot_control/lib/python3.12/site-packages/beep_jetcobot_control
[121.093s] byte-compiling /home/jetcobot/jetcobot_ws/src/beep_jetcobot_ros2/install/beep_jetcobot_control/lib/python3.12/site-packages/beep_jetcobot_control/yolo_detector.py to yolo_detector.cpython-312.pyc
[121.124s] running install_data
[121.128s] running install_egg_info
[121.595s] removing '/home/jetcobot/jetcobot_ws/src/beep_jetcobot_ros2/install/beep_jetcobot_control/lib/python3.12/site-packages/beep_jetcobot_control-0.0.0-py3.12.egg-info' (and everything under it)
[121.601s] Copying ../build/beep_jetcobot_control/beep_jetcobot_control.egg-info to /home/jetcobot/jetcobot_ws/src/beep_jetcobot_ros2/install/beep_jetcobot_control/lib/python3.12/site-packages/beep_jetcobot_control-0.0.0-py3.12.egg-info
[121.626s] running install_scripts
[186.141s] interrupted
[189.790s] Invoked command in '/home/jetcobot/jetcobot_ws/src/beep_jetcobot_ros2/beep_jetcobot_control' returned '1': DEBUGINFOD_URLS=https://debuginfod.ubuntu.com PYTHONPATH=/home/jetcobot/jetcobot_ws/src/beep_jetcobot_ros2/build/beep_jetcobot_control/prefix_override:/usr/lib/python3/dist-packages/colcon_core/task/python/colcon_distutils_commands:/home/jetcobot/jetcobot_ws/src/beep_jetcobot_ros2/install/beep_jetcobot_control/lib/python3.12/site-packages:${PYTHONPATH} /usr/bin/python3 -W ignore:setup.py install is deprecated -W ignore:easy_install command is deprecated setup.py egg_info --egg-base ../build/beep_jetcobot_control build --build-base /home/jetcobot/jetcobot_ws/src/beep_jetcobot_ros2/build/beep_jetcobot_control/build install --record /home/jetcobot/jetcobot_ws/src/beep_jetcobot_ros2/build/beep_jetcobot_control/install.log --single-version-externally-managed install_data
