[0.706s] DEBUG:colcon:Command line arguments: ['/usr/bin/colcon', 'build', '--packages-select', 'beep_jetcobot_control']
[0.707s] DEBUG:colcon:Parsed command line arguments: Namespace(log_base=None, log_level=None, verb_name='build', build_base='build', install_base='install', merge_install=False, symlink_install=False, test_result_base=None, continue_on_error=False, executor='parallel', parallel_workers=4, event_handlers=None, ignore_user_meta=False, metas=['./colcon.meta'], base_paths=['.'], packages_ignore=None, packages_ignore_regex=None, paths=None, packages_up_to=None, packages_up_to_regex=None, packages_above=None, packages_above_and_dependencies=None, packages_above_depth=None, packages_select_by_dep=None, packages_skip_by_dep=None, packages_skip_up_to=None, packages_select_build_failed=False, packages_skip_build_finished=False, packages_select_test_failures=False, packages_skip_test_passed=False, packages_select=['beep_jetcobot_control'], packages_skip=None, packages_select_regex=None, packages_skip_regex=None, packages_start=None, packages_end=None, allow_overriding=[], cmake_args=None, cmake_target=None, cmake_target_skip_unavailable=False, cmake_clean_cache=False, cmake_clean_first=False, cmake_force_configure=False, ament_cmake_args=None, catkin_cmake_args=None, catkin_skip_building_tests=False, mixin_files=None, mixin=None, verb_parser=<colcon_mixin.mixin.mixin_argument.MixinArgumentDecorator object at 0xffff83547e90>, verb_extension=<colcon_core.verb.build.BuildVerb object at 0xffff83547b90>, main=<bound method BuildVerb.main of <colcon_core.verb.build.BuildVerb object at 0xffff83547b90>>, mixin_verb=('build',))
[0.927s] Level 1:colcon.colcon_core.package_discovery:discover_packages(colcon_meta) check parameters
[0.928s] Level 1:colcon.colcon_core.package_discovery:discover_packages(recursive) check parameters
[0.928s] Level 1:colcon.colcon_core.package_discovery:discover_packages(ignore) check parameters
[0.928s] Level 1:colcon.colcon_core.package_discovery:discover_packages(path) check parameters
[0.928s] Level 1:colcon.colcon_core.package_discovery:discover_packages(colcon_meta) discover
[0.929s] Level 1:colcon.colcon_core.package_discovery:discover_packages(recursive) discover
[0.929s] INFO:colcon.colcon_core.package_discovery:Crawling recursively for packages in '/home/jetcobot/jetcobot_ws/src/beep_jetcobot_ros2'
[0.930s] Level 1:colcon.colcon_core.package_identification:_identify(.) by extensions ['ignore', 'ignore_ament_install']
[0.930s] Level 1:colcon.colcon_core.package_identification:_identify(.) by extension 'ignore'
[0.931s] Level 1:colcon.colcon_core.package_identification:_identify(.) by extension 'ignore_ament_install'
[0.932s] Level 1:colcon.colcon_core.package_identification:_identify(.) by extensions ['colcon_pkg']
[0.933s] Level 1:colcon.colcon_core.package_identification:_identify(.) by extension 'colcon_pkg'
[0.933s] Level 1:colcon.colcon_core.package_identification:_identify(.) by extensions ['colcon_meta']
[0.933s] Level 1:colcon.colcon_core.package_identification:_identify(.) by extension 'colcon_meta'
[0.934s] Level 1:colcon.colcon_core.package_identification:_identify(.) by extensions ['ros']
[0.934s] Level 1:colcon.colcon_core.package_identification:_identify(.) by extension 'ros'
[1.070s] Level 1:colcon.colcon_core.package_identification:_identify(.) by extensions ['cmake', 'python']
[1.071s] Level 1:colcon.colcon_core.package_identification:_identify(.) by extension 'cmake'
[1.074s] Level 1:colcon.colcon_core.package_identification:_identify(.) by extension 'python'
[1.076s] Level 1:colcon.colcon_core.package_identification:_identify(.) by extensions ['python_setup_py']
[1.077s] Level 1:colcon.colcon_core.package_identification:_identify(.) by extension 'python_setup_py'
[1.077s] Level 1:colcon.colcon_core.package_identification:_identify(beep_jetcobot_bringup) by extensions ['ignore', 'ignore_ament_install']
[1.081s] Level 1:colcon.colcon_core.package_identification:_identify(beep_jetcobot_bringup) by extension 'ignore'
[1.083s] Level 1:colcon.colcon_core.package_identification:_identify(beep_jetcobot_bringup) by extension 'ignore_ament_install'
[1.084s] Level 1:colcon.colcon_core.package_identification:_identify(beep_jetcobot_bringup) by extensions ['colcon_pkg']
[1.084s] Level 1:colcon.colcon_core.package_identification:_identify(beep_jetcobot_bringup) by extension 'colcon_pkg'
[1.085s] Level 1:colcon.colcon_core.package_identification:_identify(beep_jetcobot_bringup) by extensions ['colcon_meta']
[1.085s] Level 1:colcon.colcon_core.package_identification:_identify(beep_jetcobot_bringup) by extension 'colcon_meta'
[1.085s] Level 1:colcon.colcon_core.package_identification:_identify(beep_jetcobot_bringup) by extensions ['ros']
[1.088s] Level 1:colcon.colcon_core.package_identification:_identify(beep_jetcobot_bringup) by extension 'ros'
[1.111s] DEBUG:colcon.colcon_core.package_identification:Package 'beep_jetcobot_bringup' with type 'ros.ament_python' and name 'beep_jetcobot_bringup'
[1.112s] Level 1:colcon.colcon_core.package_identification:_identify(beep_jetcobot_control) by extensions ['ignore', 'ignore_ament_install']
[1.113s] Level 1:colcon.colcon_core.package_identification:_identify(beep_jetcobot_control) by extension 'ignore'
[1.113s] Level 1:colcon.colcon_core.package_identification:_identify(beep_jetcobot_control) by extension 'ignore_ament_install'
[1.114s] Level 1:colcon.colcon_core.package_identification:_identify(beep_jetcobot_control) by extensions ['colcon_pkg']
[1.114s] Level 1:colcon.colcon_core.package_identification:_identify(beep_jetcobot_control) by extension 'colcon_pkg'
[1.114s] Level 1:colcon.colcon_core.package_identification:_identify(beep_jetcobot_control) by extensions ['colcon_meta']
[1.115s] Level 1:colcon.colcon_core.package_identification:_identify(beep_jetcobot_control) by extension 'colcon_meta'
[1.115s] Level 1:colcon.colcon_core.package_identification:_identify(beep_jetcobot_control) by extensions ['ros']
[1.115s] Level 1:colcon.colcon_core.package_identification:_identify(beep_jetcobot_control) by extension 'ros'
[1.119s] DEBUG:colcon.colcon_core.package_identification:Package 'beep_jetcobot_control' with type 'ros.ament_python' and name 'beep_jetcobot_control'
[1.119s] Level 1:colcon.colcon_core.package_identification:_identify(beep_jetcobot_description) by extensions ['ignore', 'ignore_ament_install']
[1.119s] Level 1:colcon.colcon_core.package_identification:_identify(beep_jetcobot_description) by extension 'ignore'
[1.120s] Level 1:colcon.colcon_core.package_identification:_identify(beep_jetcobot_description) by extension 'ignore_ament_install'
[1.120s] Level 1:colcon.colcon_core.package_identification:_identify(beep_jetcobot_description) by extensions ['colcon_pkg']
[1.120s] Level 1:colcon.colcon_core.package_identification:_identify(beep_jetcobot_description) by extension 'colcon_pkg'
[1.120s] Level 1:colcon.colcon_core.package_identification:_identify(beep_jetcobot_description) by extensions ['colcon_meta']
[1.120s] Level 1:colcon.colcon_core.package_identification:_identify(beep_jetcobot_description) by extension 'colcon_meta'
[1.121s] Level 1:colcon.colcon_core.package_identification:_identify(beep_jetcobot_description) by extensions ['ros']
[1.121s] Level 1:colcon.colcon_core.package_identification:_identify(beep_jetcobot_description) by extension 'ros'
[1.123s] DEBUG:colcon.colcon_core.package_identification:Package 'beep_jetcobot_description' with type 'ros.ament_cmake' and name 'beep_jetcobot_description'
[1.123s] Level 1:colcon.colcon_core.package_identification:_identify(beep_jetcobot_moveit_config) by extensions ['ignore', 'ignore_ament_install']
[1.124s] Level 1:colcon.colcon_core.package_identification:_identify(beep_jetcobot_moveit_config) by extension 'ignore'
[1.124s] Level 1:colcon.colcon_core.package_identification:_identify(beep_jetcobot_moveit_config) by extension 'ignore_ament_install'
[1.124s] Level 1:colcon.colcon_core.package_identification:_identify(beep_jetcobot_moveit_config) by extensions ['colcon_pkg']
[1.124s] Level 1:colcon.colcon_core.package_identification:_identify(beep_jetcobot_moveit_config) by extension 'colcon_pkg'
[1.124s] Level 1:colcon.colcon_core.package_identification:_identify(beep_jetcobot_moveit_config) by extensions ['colcon_meta']
[1.125s] Level 1:colcon.colcon_core.package_identification:_identify(beep_jetcobot_moveit_config) by extension 'colcon_meta'
[1.125s] Level 1:colcon.colcon_core.package_identification:_identify(beep_jetcobot_moveit_config) by extensions ['ros']
[1.125s] Level 1:colcon.colcon_core.package_identification:_identify(beep_jetcobot_moveit_config) by extension 'ros'
[1.127s] DEBUG:colcon.colcon_core.package_identification:Package 'beep_jetcobot_moveit_config' with type 'ros.ament_cmake' and name 'beep_jetcobot_moveit_config'
[1.128s] Level 1:colcon.colcon_core.package_identification:_identify(beep_jetcobot_msgs) by extensions ['ignore', 'ignore_ament_install']
[1.128s] Level 1:colcon.colcon_core.package_identification:_identify(beep_jetcobot_msgs) by extension 'ignore'
[1.128s] Level 1:colcon.colcon_core.package_identification:_identify(beep_jetcobot_msgs) by extension 'ignore_ament_install'
[1.128s] Level 1:colcon.colcon_core.package_identification:_identify(beep_jetcobot_msgs) by extensions ['colcon_pkg']
[1.129s] Level 1:colcon.colcon_core.package_identification:_identify(beep_jetcobot_msgs) by extension 'colcon_pkg'
[1.129s] Level 1:colcon.colcon_core.package_identification:_identify(beep_jetcobot_msgs) by extensions ['colcon_meta']
[1.129s] Level 1:colcon.colcon_core.package_identification:_identify(beep_jetcobot_msgs) by extension 'colcon_meta'
[1.129s] Level 1:colcon.colcon_core.package_identification:_identify(beep_jetcobot_msgs) by extensions ['ros']
[1.129s] Level 1:colcon.colcon_core.package_identification:_identify(beep_jetcobot_msgs) by extension 'ros'
[1.131s] DEBUG:colcon.colcon_core.package_identification:Package 'beep_jetcobot_msgs' with type 'ros.ament_cmake' and name 'beep_jetcobot_msgs'
[1.132s] Level 1:colcon.colcon_core.package_identification:_identify(build) by extensions ['ignore', 'ignore_ament_install']
[1.132s] Level 1:colcon.colcon_core.package_identification:_identify(build) by extension 'ignore'
[1.133s] Level 1:colcon.colcon_core.package_identification:_identify(build) ignored
[1.134s] Level 1:colcon.colcon_core.package_identification:_identify(install) by extensions ['ignore', 'ignore_ament_install']
[1.135s] Level 1:colcon.colcon_core.package_identification:_identify(install) by extension 'ignore'
[1.136s] Level 1:colcon.colcon_core.package_identification:_identify(install) ignored
[1.137s] Level 1:colcon.colcon_core.package_identification:_identify(log) by extensions ['ignore', 'ignore_ament_install']
[1.137s] Level 1:colcon.colcon_core.package_identification:_identify(log) by extension 'ignore'
[1.138s] Level 1:colcon.colcon_core.package_identification:_identify(log) ignored
[1.138s] Level 1:colcon.colcon_core.package_discovery:discover_packages(recursive) using defaults
[1.138s] Level 1:colcon.colcon_core.package_discovery:discover_packages(ignore) discover
[1.138s] Level 1:colcon.colcon_core.package_discovery:discover_packages(ignore) using defaults
[1.139s] Level 1:colcon.colcon_core.package_discovery:discover_packages(path) discover
[1.139s] Level 1:colcon.colcon_core.package_discovery:discover_packages(path) using defaults
[1.244s] INFO:colcon.colcon_core.package_selection:Skipping not selected package 'beep_jetcobot_description' in 'beep_jetcobot_description'
[1.244s] INFO:colcon.colcon_core.package_selection:Skipping not selected package 'beep_jetcobot_moveit_config' in 'beep_jetcobot_moveit_config'
[1.244s] INFO:colcon.colcon_core.package_selection:Skipping not selected package 'beep_jetcobot_msgs' in 'beep_jetcobot_msgs'
[1.244s] INFO:colcon.colcon_core.package_selection:Skipping not selected package 'beep_jetcobot_bringup' in 'beep_jetcobot_bringup'
[1.246s] Level 1:colcon.colcon_core.package_discovery:discover_packages(prefix_path) check parameters
[1.247s] Level 1:colcon.colcon_core.package_discovery:discover_packages(prefix_path) discover
[1.283s] DEBUG:colcon.colcon_installed_package_information.package_discovery:Found 430 installed packages in /opt/ros/jazzy
[1.289s] Level 1:colcon.colcon_core.package_discovery:discover_packages(prefix_path) using defaults
[1.696s] Level 5:colcon.colcon_core.verb:set package 'beep_jetcobot_control' build argument 'cmake_args' from command line to 'None'
[1.696s] Level 5:colcon.colcon_core.verb:set package 'beep_jetcobot_control' build argument 'cmake_target' from command line to 'None'
[1.696s] Level 5:colcon.colcon_core.verb:set package 'beep_jetcobot_control' build argument 'cmake_target_skip_unavailable' from command line to 'False'
[1.697s] Level 5:colcon.colcon_core.verb:set package 'beep_jetcobot_control' build argument 'cmake_clean_cache' from command line to 'False'
[1.697s] Level 5:colcon.colcon_core.verb:set package 'beep_jetcobot_control' build argument 'cmake_clean_first' from command line to 'False'
[1.697s] Level 5:colcon.colcon_core.verb:set package 'beep_jetcobot_control' build argument 'cmake_force_configure' from command line to 'False'
[1.698s] Level 5:colcon.colcon_core.verb:set package 'beep_jetcobot_control' build argument 'ament_cmake_args' from command line to 'None'
[1.698s] Level 5:colcon.colcon_core.verb:set package 'beep_jetcobot_control' build argument 'catkin_cmake_args' from command line to 'None'
[1.698s] Level 5:colcon.colcon_core.verb:set package 'beep_jetcobot_control' build argument 'catkin_skip_building_tests' from command line to 'False'
[1.698s] DEBUG:colcon.colcon_core.verb:Building package 'beep_jetcobot_control' with the following arguments: {'ament_cmake_args': None, 'build_base': '/home/jetcobot/jetcobot_ws/src/beep_jetcobot_ros2/build/beep_jetcobot_control', 'catkin_cmake_args': None, 'catkin_skip_building_tests': False, 'cmake_args': None, 'cmake_clean_cache': False, 'cmake_clean_first': False, 'cmake_force_configure': False, 'cmake_target': None, 'cmake_target_skip_unavailable': False, 'install_base': '/home/jetcobot/jetcobot_ws/src/beep_jetcobot_ros2/install/beep_jetcobot_control', 'merge_install': False, 'path': '/home/jetcobot/jetcobot_ws/src/beep_jetcobot_ros2/beep_jetcobot_control', 'symlink_install': False, 'test_result_base': None}
[1.699s] INFO:colcon.colcon_core.executor:Executing jobs using 'parallel' executor
[1.706s] DEBUG:colcon.colcon_parallel_executor.executor.parallel:run_until_complete
[1.707s] INFO:colcon.colcon_ros.task.ament_python.build:Building ROS package in '/home/jetcobot/jetcobot_ws/src/beep_jetcobot_ros2/beep_jetcobot_control' with build type 'ament_python'
[1.708s] Level 1:colcon.colcon_core.shell:create_environment_hook('beep_jetcobot_control', 'ament_prefix_path')
[1.720s] INFO:colcon.colcon_core.plugin_system:Skipping extension 'colcon_core.shell.bat': Not used on non-Windows systems
[1.721s] INFO:colcon.colcon_core.shell:Creating environment hook '/home/jetcobot/jetcobot_ws/src/beep_jetcobot_ros2/install/beep_jetcobot_control/share/beep_jetcobot_control/hook/ament_prefix_path.ps1'
[1.727s] INFO:colcon.colcon_core.shell:Creating environment descriptor '/home/jetcobot/jetcobot_ws/src/beep_jetcobot_ros2/install/beep_jetcobot_control/share/beep_jetcobot_control/hook/ament_prefix_path.dsv'
[1.730s] INFO:colcon.colcon_core.shell:Creating environment hook '/home/jetcobot/jetcobot_ws/src/beep_jetcobot_ros2/install/beep_jetcobot_control/share/beep_jetcobot_control/hook/ament_prefix_path.sh'
[1.735s] INFO:colcon.colcon_core.shell:Skip shell extension 'powershell' for command environment: Not usable outside of PowerShell
[1.735s] DEBUG:colcon.colcon_core.shell:Skip shell extension 'dsv' for command environment
[1.759s] ERROR:colcon.colcon_ros.task.ament_python.build:Failed to find the following files:
- /home/jetcobot/jetcobot_ws/src/beep_jetcobot_ros2/install/beep_jetcobot_msgs/share/beep_jetcobot_msgs/package.sh
Check that the following packages have been built:
- beep_jetcobot_msgs
[1.772s] DEBUG:colcon.colcon_parallel_executor.executor.parallel:closing loop
[1.773s] DEBUG:colcon.colcon_parallel_executor.executor.parallel:loop closed
[1.773s] DEBUG:colcon.colcon_parallel_executor.executor.parallel:run_until_complete finished with '1'
[1.774s] DEBUG:colcon.colcon_core.event_reactor:joining thread
[1.778s] DEBUG:colcon.colcon_core.event_reactor:joined thread
[1.780s] INFO:colcon.colcon_core.shell:Creating prefix script '/home/jetcobot/jetcobot_ws/src/beep_jetcobot_ros2/install/local_setup.ps1'
[1.784s] INFO:colcon.colcon_core.shell:Creating prefix util module '/home/jetcobot/jetcobot_ws/src/beep_jetcobot_ros2/install/_local_setup_util_ps1.py'
[1.790s] INFO:colcon.colcon_core.shell:Creating prefix chain script '/home/jetcobot/jetcobot_ws/src/beep_jetcobot_ros2/install/setup.ps1'
[1.796s] INFO:colcon.colcon_core.shell:Creating prefix script '/home/jetcobot/jetcobot_ws/src/beep_jetcobot_ros2/install/local_setup.sh'
[1.798s] INFO:colcon.colcon_core.shell:Creating prefix util module '/home/jetcobot/jetcobot_ws/src/beep_jetcobot_ros2/install/_local_setup_util_sh.py'
[1.802s] INFO:colcon.colcon_core.shell:Creating prefix chain script '/home/jetcobot/jetcobot_ws/src/beep_jetcobot_ros2/install/setup.sh'
[1.807s] INFO:colcon.colcon_core.shell:Creating prefix script '/home/jetcobot/jetcobot_ws/src/beep_jetcobot_ros2/install/local_setup.bash'
[1.809s] INFO:colcon.colcon_core.shell:Creating prefix chain script '/home/jetcobot/jetcobot_ws/src/beep_jetcobot_ros2/install/setup.bash'
[1.816s] INFO:colcon.colcon_core.shell:Creating prefix script '/home/jetcobot/jetcobot_ws/src/beep_jetcobot_ros2/install/local_setup.zsh'
[1.818s] INFO:colcon.colcon_core.shell:Creating prefix chain script '/home/jetcobot/jetcobot_ws/src/beep_jetcobot_ros2/install/setup.zsh'
