running egg_info
writing ../build/beep_jetcobot_control/beep_jetcobot_control.egg-info/PKG-INFO
writing dependency_links to ../build/beep_jetcobot_control/beep_jetcobot_control.egg-info/dependency_links.txt
writing entry points to ../build/beep_jetcobot_control/beep_jetcobot_control.egg-info/entry_points.txt
writing requirements to ../build/beep_jetcobot_control/beep_jetcobot_control.egg-info/requires.txt
writing top-level names to ../build/beep_jetcobot_control/beep_jetcobot_control.egg-info/top_level.txt
reading manifest file '../build/beep_jetcobot_control/beep_jetcobot_control.egg-info/SOURCES.txt'
writing manifest file '../build/beep_jetcobot_control/beep_jetcobot_control.egg-info/SOURCES.txt'
running build
running build_py
running install
running install_lib
running install_data
running install_egg_info
removing '/home/jetcobot/jetcobot_ws/src/beep_jetcobot_ros2/install/beep_jetcobot_control/lib/python3.12/site-packages/beep_jetcobot_control-0.0.0-py3.12.egg-info' (and everything under it)
Copying ../build/beep_jetcobot_control/beep_jetcobot_control.egg-info to /home/jetcobot/jetcobot_ws/src/beep_jetcobot_ros2/install/beep_jetcobot_control/lib/python3.12/site-packages/beep_jetcobot_control-0.0.0-py3.12.egg-info
running install_scripts
Installing aruco_detector script to /home/jetcobot/jetcobot_ws/src/beep_jetcobot_ros2/install/beep_jetcobot_control/lib/beep_jetcobot_control
Installing contour_detector script to /home/jetcobot/jetcobot_ws/src/beep_jetcobot_ros2/install/beep_jetcobot_control/lib/beep_jetcobot_control
Installing handeye_tf_publisher script to /home/jetcobot/jetcobot_ws/src/beep_jetcobot_ros2/install/beep_jetcobot_control/lib/beep_jetcobot_control
Installing joint_control script to /home/jetcobot/jetcobot_ws/src/beep_jetcobot_ros2/install/beep_jetcobot_control/lib/beep_jetcobot_control
Installing pick_place script to /home/jetcobot/jetcobot_ws/src/beep_jetcobot_ros2/install/beep_jetcobot_control/lib/beep_jetcobot_control
Installing pick_place_action_server script to /home/jetcobot/jetcobot_ws/src/beep_jetcobot_ros2/install/beep_jetcobot_control/lib/beep_jetcobot_control
Installing pick_place_action_server_ver script to /home/jetcobot/jetcobot_ws/src/beep_jetcobot_ros2/install/beep_jetcobot_control/lib/beep_jetcobot_control
Installing pick_place_action_server_ver3 script to /home/jetcobot/jetcobot_ws/src/beep_jetcobot_ros2/install/beep_jetcobot_control/lib/beep_jetcobot_control
Installing pick_place_action_server_ver4 script to /home/jetcobot/jetcobot_ws/src/beep_jetcobot_ros2/install/beep_jetcobot_control/lib/beep_jetcobot_control
Installing pick_place_angle script to /home/jetcobot/jetcobot_ws/src/beep_jetcobot_ros2/install/beep_jetcobot_control/lib/beep_jetcobot_control
Installing pick_place_tf script to /home/jetcobot/jetcobot_ws/src/beep_jetcobot_ros2/install/beep_jetcobot_control/lib/beep_jetcobot_control
Installing pick_place_ver2 script to /home/jetcobot/jetcobot_ws/src/beep_jetcobot_ros2/install/beep_jetcobot_control/lib/beep_jetcobot_control
Installing yolo_detector script to /home/jetcobot/jetcobot_ws/src/beep_jetcobot_ros2/install/beep_jetcobot_control/lib/beep_jetcobot_control
writing list of installed files to '/home/jetcobot/jetcobot_ws/src/beep_jetcobot_ros2/build/beep_jetcobot_control/install.log'
