[6.715s] Invoking command in '/home/jetcobot/jetcobot_ws/src/beep_jetcobot_ros2/beep_jetcobot_control': DEBUGINFOD_URLS=https://debuginfod.ubuntu.com PYTHONPATH=/home/jetcobot/jetcobot_ws/src/beep_jetcobot_ros2/build/beep_jetcobot_control/prefix_override:/usr/lib/python3/dist-packages/colcon_core/task/python/colcon_distutils_commands:/home/jetcobot/jetcobot_ws/src/beep_jetcobot_ros2/install/beep_jetcobot_control/lib/python3.12/site-packages:${PYTHONPATH} /usr/bin/python3 -W ignore:setup.py install is deprecated -W ignore:easy_install command is deprecated setup.py egg_info --egg-base ../build/beep_jetcobot_control build --build-base /home/jetcobot/jetcobot_ws/src/beep_jetcobot_ros2/build/beep_jetcobot_control/build install --record /home/jetcobot/jetcobot_ws/src/beep_jetcobot_ros2/build/beep_jetcobot_control/install.log --single-version-externally-managed install_data
[8.638s] running egg_info
[8.786s] writing ../build/beep_jetcobot_control/beep_jetcobot_control.egg-info/PKG-INFO
[8.790s] writing dependency_links to ../build/beep_jetcobot_control/beep_jetcobot_control.egg-info/dependency_links.txt
[8.792s] writing entry points to ../build/beep_jetcobot_control/beep_jetcobot_control.egg-info/entry_points.txt
[8.793s] writing requirements to ../build/beep_jetcobot_control/beep_jetcobot_control.egg-info/requires.txt
[8.794s] writing top-level names to ../build/beep_jetcobot_control/beep_jetcobot_control.egg-info/top_level.txt
[9.112s] reading manifest file '../build/beep_jetcobot_control/beep_jetcobot_control.egg-info/SOURCES.txt'
[9.119s] writing manifest file '../build/beep_jetcobot_control/beep_jetcobot_control.egg-info/SOURCES.txt'
[9.120s] running build
[9.120s] running build_py
[9.126s] running install
[9.155s] running install_lib
[9.316s] running install_data
[9.318s] running install_egg_info
[9.476s] removing '/home/jetcobot/jetcobot_ws/src/beep_jetcobot_ros2/install/beep_jetcobot_control/lib/python3.12/site-packages/beep_jetcobot_control-0.0.0-py3.12.egg-info' (and everything under it)
[9.478s] Copying ../build/beep_jetcobot_control/beep_jetcobot_control.egg-info to /home/jetcobot/jetcobot_ws/src/beep_jetcobot_ros2/install/beep_jetcobot_control/lib/python3.12/site-packages/beep_jetcobot_control-0.0.0-py3.12.egg-info
[9.490s] running install_scripts
[10.534s] Installing aruco_detector script to /home/jetcobot/jetcobot_ws/src/beep_jetcobot_ros2/install/beep_jetcobot_control/lib/beep_jetcobot_control
[10.537s] Installing contour_detector script to /home/jetcobot/jetcobot_ws/src/beep_jetcobot_ros2/install/beep_jetcobot_control/lib/beep_jetcobot_control
[10.538s] Installing handeye_tf_publisher script to /home/jetcobot/jetcobot_ws/src/beep_jetcobot_ros2/install/beep_jetcobot_control/lib/beep_jetcobot_control
[10.540s] Installing joint_control script to /home/jetcobot/jetcobot_ws/src/beep_jetcobot_ros2/install/beep_jetcobot_control/lib/beep_jetcobot_control
[10.541s] Installing pick_place script to /home/jetcobot/jetcobot_ws/src/beep_jetcobot_ros2/install/beep_jetcobot_control/lib/beep_jetcobot_control
[10.543s] Installing pick_place_action_server script to /home/jetcobot/jetcobot_ws/src/beep_jetcobot_ros2/install/beep_jetcobot_control/lib/beep_jetcobot_control
[10.544s] Installing pick_place_action_server_ver script to /home/jetcobot/jetcobot_ws/src/beep_jetcobot_ros2/install/beep_jetcobot_control/lib/beep_jetcobot_control
[10.545s] Installing pick_place_action_server_ver3 script to /home/jetcobot/jetcobot_ws/src/beep_jetcobot_ros2/install/beep_jetcobot_control/lib/beep_jetcobot_control
[10.546s] Installing pick_place_action_server_ver4 script to /home/jetcobot/jetcobot_ws/src/beep_jetcobot_ros2/install/beep_jetcobot_control/lib/beep_jetcobot_control
[10.548s] Installing pick_place_angle script to /home/jetcobot/jetcobot_ws/src/beep_jetcobot_ros2/install/beep_jetcobot_control/lib/beep_jetcobot_control
[10.549s] Installing pick_place_tf script to /home/jetcobot/jetcobot_ws/src/beep_jetcobot_ros2/install/beep_jetcobot_control/lib/beep_jetcobot_control
[10.550s] Installing pick_place_ver2 script to /home/jetcobot/jetcobot_ws/src/beep_jetcobot_ros2/install/beep_jetcobot_control/lib/beep_jetcobot_control
[10.552s] Installing yolo_detector script to /home/jetcobot/jetcobot_ws/src/beep_jetcobot_ros2/install/beep_jetcobot_control/lib/beep_jetcobot_control
[10.558s] writing list of installed files to '/home/jetcobot/jetcobot_ws/src/beep_jetcobot_ros2/build/beep_jetcobot_control/install.log'
[10.732s] Invoked command in '/home/jetcobot/jetcobot_ws/src/beep_jetcobot_ros2/beep_jetcobot_control' returned '0': DEBUGINFOD_URLS=https://debuginfod.ubuntu.com PYTHONPATH=/home/jetcobot/jetcobot_ws/src/beep_jetcobot_ros2/build/beep_jetcobot_control/prefix_override:/usr/lib/python3/dist-packages/colcon_core/task/python/colcon_distutils_commands:/home/jetcobot/jetcobot_ws/src/beep_jetcobot_ros2/install/beep_jetcobot_control/lib/python3.12/site-packages:${PYTHONPATH} /usr/bin/python3 -W ignore:setup.py install is deprecated -W ignore:easy_install command is deprecated setup.py egg_info --egg-base ../build/beep_jetcobot_control build --build-base /home/jetcobot/jetcobot_ws/src/beep_jetcobot_ros2/build/beep_jetcobot_control/build install --record /home/jetcobot/jetcobot_ws/src/beep_jetcobot_ros2/build/beep_jetcobot_control/install.log --single-version-externally-managed install_data
