[1.766s] DEBUG:colcon:Command line arguments: ['/usr/bin/colcon', 'build', '--packages-select', 'beep_jetcobot_control']
[1.766s] DEBUG:colcon:Parsed command line arguments: Namespace(log_base=None, log_level=None, verb_name='build', build_base='build', install_base='install', merge_install=False, symlink_install=False, test_result_base=None, continue_on_error=False, executor='parallel', parallel_workers=4, event_handlers=None, ignore_user_meta=False, metas=['./colcon.meta'], base_paths=['.'], packages_ignore=None, packages_ignore_regex=None, paths=None, packages_up_to=None, packages_up_to_regex=None, packages_above=None, packages_above_and_dependencies=None, packages_above_depth=None, packages_select_by_dep=None, packages_skip_by_dep=None, packages_skip_up_to=None, packages_select_build_failed=False, packages_skip_build_finished=False, packages_select_test_failures=False, packages_skip_test_passed=False, packages_select=['beep_jetcobot_control'], packages_skip=None, packages_select_regex=None, packages_skip_regex=None, packages_start=None, packages_end=None, allow_overriding=[], cmake_args=None, cmake_target=None, cmake_target_skip_unavailable=False, cmake_clean_cache=False, cmake_clean_first=False, cmake_force_configure=False, ament_cmake_args=None, catkin_cmake_args=None, catkin_skip_building_tests=False, mixin_files=None, mixin=None, verb_parser=<colcon_mixin.mixin.mixin_argument.MixinArgumentDecorator object at 0xffffb6747f20>, verb_extension=<colcon_core.verb.build.BuildVerb object at 0xffffb6747b30>, main=<bound method BuildVerb.main of <colcon_core.verb.build.BuildVerb object at 0xffffb6747b30>>, mixin_verb=('build',))
[2.027s] Level 1:colcon.colcon_core.package_discovery:discover_packages(colcon_meta) check parameters
[2.028s] Level 1:colcon.colcon_core.package_discovery:discover_packages(recursive) check parameters
[2.028s] Level 1:colcon.colcon_core.package_discovery:discover_packages(ignore) check parameters
[2.028s] Level 1:colcon.colcon_core.package_discovery:discover_packages(path) check parameters
[2.028s] Level 1:colcon.colcon_core.package_discovery:discover_packages(colcon_meta) discover
[2.029s] Level 1:colcon.colcon_core.package_discovery:discover_packages(recursive) discover
[2.029s] INFO:colcon.colcon_core.package_discovery:Crawling recursively for packages in '/home/jetcobot/jetcobot_ws/src/beep_jetcobot_ros2'
[2.030s] Level 1:colcon.colcon_core.package_identification:_identify(.) by extensions ['ignore', 'ignore_ament_install']
[2.030s] Level 1:colcon.colcon_core.package_identification:_identify(.) by extension 'ignore'
[2.031s] Level 1:colcon.colcon_core.package_identification:_identify(.) by extension 'ignore_ament_install'
[2.031s] Level 1:colcon.colcon_core.package_identification:_identify(.) by extensions ['colcon_pkg']
[2.031s] Level 1:colcon.colcon_core.package_identification:_identify(.) by extension 'colcon_pkg'
[2.032s] Level 1:colcon.colcon_core.package_identification:_identify(.) by extensions ['colcon_meta']
[2.032s] Level 1:colcon.colcon_core.package_identification:_identify(.) by extension 'colcon_meta'
[2.032s] Level 1:colcon.colcon_core.package_identification:_identify(.) by extensions ['ros']
[2.032s] Level 1:colcon.colcon_core.package_identification:_identify(.) by extension 'ros'
[2.245s] Level 1:colcon.colcon_core.package_identification:_identify(.) by extensions ['cmake', 'python']
[2.245s] Level 1:colcon.colcon_core.package_identification:_identify(.) by extension 'cmake'
[2.245s] Level 1:colcon.colcon_core.package_identification:_identify(.) by extension 'python'
[2.246s] Level 1:colcon.colcon_core.package_identification:_identify(.) by extensions ['python_setup_py']
[2.246s] Level 1:colcon.colcon_core.package_identification:_identify(.) by extension 'python_setup_py'
[2.247s] Level 1:colcon.colcon_core.package_identification:_identify(beep_jetcobot_bringup) by extensions ['ignore', 'ignore_ament_install']
[2.247s] Level 1:colcon.colcon_core.package_identification:_identify(beep_jetcobot_bringup) by extension 'ignore'
[2.248s] Level 1:colcon.colcon_core.package_identification:_identify(beep_jetcobot_bringup) by extension 'ignore_ament_install'
[2.248s] Level 1:colcon.colcon_core.package_identification:_identify(beep_jetcobot_bringup) by extensions ['colcon_pkg']
[2.248s] Level 1:colcon.colcon_core.package_identification:_identify(beep_jetcobot_bringup) by extension 'colcon_pkg'
[2.249s] Level 1:colcon.colcon_core.package_identification:_identify(beep_jetcobot_bringup) by extensions ['colcon_meta']
[2.249s] Level 1:colcon.colcon_core.package_identification:_identify(beep_jetcobot_bringup) by extension 'colcon_meta'
[2.249s] Level 1:colcon.colcon_core.package_identification:_identify(beep_jetcobot_bringup) by extensions ['ros']
[2.249s] Level 1:colcon.colcon_core.package_identification:_identify(beep_jetcobot_bringup) by extension 'ros'
[2.268s] DEBUG:colcon.colcon_core.package_identification:Package 'beep_jetcobot_bringup' with type 'ros.ament_python' and name 'beep_jetcobot_bringup'
[2.269s] Level 1:colcon.colcon_core.package_identification:_identify(beep_jetcobot_control) by extensions ['ignore', 'ignore_ament_install']
[2.269s] Level 1:colcon.colcon_core.package_identification:_identify(beep_jetcobot_control) by extension 'ignore'
[2.270s] Level 1:colcon.colcon_core.package_identification:_identify(beep_jetcobot_control) by extension 'ignore_ament_install'
[2.270s] Level 1:colcon.colcon_core.package_identification:_identify(beep_jetcobot_control) by extensions ['colcon_pkg']
[2.271s] Level 1:colcon.colcon_core.package_identification:_identify(beep_jetcobot_control) by extension 'colcon_pkg'
[2.271s] Level 1:colcon.colcon_core.package_identification:_identify(beep_jetcobot_control) by extensions ['colcon_meta']
[2.271s] Level 1:colcon.colcon_core.package_identification:_identify(beep_jetcobot_control) by extension 'colcon_meta'
[2.271s] Level 1:colcon.colcon_core.package_identification:_identify(beep_jetcobot_control) by extensions ['ros']
[2.272s] Level 1:colcon.colcon_core.package_identification:_identify(beep_jetcobot_control) by extension 'ros'
[2.277s] DEBUG:colcon.colcon_core.package_identification:Package 'beep_jetcobot_control' with type 'ros.ament_python' and name 'beep_jetcobot_control'
[2.278s] Level 1:colcon.colcon_core.package_identification:_identify(beep_jetcobot_description) by extensions ['ignore', 'ignore_ament_install']
[2.279s] Level 1:colcon.colcon_core.package_identification:_identify(beep_jetcobot_description) by extension 'ignore'
[2.279s] Level 1:colcon.colcon_core.package_identification:_identify(beep_jetcobot_description) by extension 'ignore_ament_install'
[2.279s] Level 1:colcon.colcon_core.package_identification:_identify(beep_jetcobot_description) by extensions ['colcon_pkg']
[2.280s] Level 1:colcon.colcon_core.package_identification:_identify(beep_jetcobot_description) by extension 'colcon_pkg'
[2.280s] Level 1:colcon.colcon_core.package_identification:_identify(beep_jetcobot_description) by extensions ['colcon_meta']
[2.280s] Level 1:colcon.colcon_core.package_identification:_identify(beep_jetcobot_description) by extension 'colcon_meta'
[2.280s] Level 1:colcon.colcon_core.package_identification:_identify(beep_jetcobot_description) by extensions ['ros']
[2.280s] Level 1:colcon.colcon_core.package_identification:_identify(beep_jetcobot_description) by extension 'ros'
[2.283s] DEBUG:colcon.colcon_core.package_identification:Package 'beep_jetcobot_description' with type 'ros.ament_cmake' and name 'beep_jetcobot_description'
[2.284s] Level 1:colcon.colcon_core.package_identification:_identify(beep_jetcobot_moveit_config) by extensions ['ignore', 'ignore_ament_install']
[2.285s] Level 1:colcon.colcon_core.package_identification:_identify(beep_jetcobot_moveit_config) by extension 'ignore'
[2.285s] Level 1:colcon.colcon_core.package_identification:_identify(beep_jetcobot_moveit_config) by extension 'ignore_ament_install'
[2.285s] Level 1:colcon.colcon_core.package_identification:_identify(beep_jetcobot_moveit_config) by extensions ['colcon_pkg']
[2.286s] Level 1:colcon.colcon_core.package_identification:_identify(beep_jetcobot_moveit_config) by extension 'colcon_pkg'
[2.286s] Level 1:colcon.colcon_core.package_identification:_identify(beep_jetcobot_moveit_config) by extensions ['colcon_meta']
[2.286s] Level 1:colcon.colcon_core.package_identification:_identify(beep_jetcobot_moveit_config) by extension 'colcon_meta'
[2.287s] Level 1:colcon.colcon_core.package_identification:_identify(beep_jetcobot_moveit_config) by extensions ['ros']
[2.288s] Level 1:colcon.colcon_core.package_identification:_identify(beep_jetcobot_moveit_config) by extension 'ros'
[2.293s] DEBUG:colcon.colcon_core.package_identification:Package 'beep_jetcobot_moveit_config' with type 'ros.ament_cmake' and name 'beep_jetcobot_moveit_config'
[2.293s] Level 1:colcon.colcon_core.package_identification:_identify(beep_jetcobot_msgs) by extensions ['ignore', 'ignore_ament_install']
[2.294s] Level 1:colcon.colcon_core.package_identification:_identify(beep_jetcobot_msgs) by extension 'ignore'
[2.294s] Level 1:colcon.colcon_core.package_identification:_identify(beep_jetcobot_msgs) by extension 'ignore_ament_install'
[2.295s] Level 1:colcon.colcon_core.package_identification:_identify(beep_jetcobot_msgs) by extensions ['colcon_pkg']
[2.295s] Level 1:colcon.colcon_core.package_identification:_identify(beep_jetcobot_msgs) by extension 'colcon_pkg'
[2.296s] Level 1:colcon.colcon_core.package_identification:_identify(beep_jetcobot_msgs) by extensions ['colcon_meta']
[2.296s] Level 1:colcon.colcon_core.package_identification:_identify(beep_jetcobot_msgs) by extension 'colcon_meta'
[2.296s] Level 1:colcon.colcon_core.package_identification:_identify(beep_jetcobot_msgs) by extensions ['ros']
[2.296s] Level 1:colcon.colcon_core.package_identification:_identify(beep_jetcobot_msgs) by extension 'ros'
[2.299s] DEBUG:colcon.colcon_core.package_identification:Package 'beep_jetcobot_msgs' with type 'ros.ament_cmake' and name 'beep_jetcobot_msgs'
[2.300s] Level 1:colcon.colcon_core.package_identification:_identify(build) by extensions ['ignore', 'ignore_ament_install']
[2.301s] Level 1:colcon.colcon_core.package_identification:_identify(build) by extension 'ignore'
[2.301s] Level 1:colcon.colcon_core.package_identification:_identify(build) ignored
[2.302s] Level 1:colcon.colcon_core.package_identification:_identify(install) by extensions ['ignore', 'ignore_ament_install']
[2.302s] Level 1:colcon.colcon_core.package_identification:_identify(install) by extension 'ignore'
[2.303s] Level 1:colcon.colcon_core.package_identification:_identify(install) ignored
[2.304s] Level 1:colcon.colcon_core.package_identification:_identify(log) by extensions ['ignore', 'ignore_ament_install']
[2.304s] Level 1:colcon.colcon_core.package_identification:_identify(log) by extension 'ignore'
[2.304s] Level 1:colcon.colcon_core.package_identification:_identify(log) ignored
[2.305s] Level 1:colcon.colcon_core.package_discovery:discover_packages(recursive) using defaults
[2.305s] Level 1:colcon.colcon_core.package_discovery:discover_packages(ignore) discover
[2.305s] Level 1:colcon.colcon_core.package_discovery:discover_packages(ignore) using defaults
[2.305s] Level 1:colcon.colcon_core.package_discovery:discover_packages(path) discover
[2.306s] Level 1:colcon.colcon_core.package_discovery:discover_packages(path) using defaults
[2.430s] INFO:colcon.colcon_core.package_selection:Skipping not selected package 'beep_jetcobot_description' in 'beep_jetcobot_description'
[2.431s] INFO:colcon.colcon_core.package_selection:Skipping not selected package 'beep_jetcobot_moveit_config' in 'beep_jetcobot_moveit_config'
[2.431s] INFO:colcon.colcon_core.package_selection:Skipping not selected package 'beep_jetcobot_msgs' in 'beep_jetcobot_msgs'
[2.431s] INFO:colcon.colcon_core.package_selection:Skipping not selected package 'beep_jetcobot_bringup' in 'beep_jetcobot_bringup'
[2.436s] Level 1:colcon.colcon_core.package_discovery:discover_packages(prefix_path) check parameters
[2.436s] Level 1:colcon.colcon_core.package_discovery:discover_packages(prefix_path) discover
[2.478s] DEBUG:colcon.colcon_installed_package_information.package_discovery:Found 430 installed packages in /opt/ros/jazzy
[2.485s] Level 1:colcon.colcon_core.package_discovery:discover_packages(prefix_path) using defaults
[2.914s] Level 5:colcon.colcon_core.verb:set package 'beep_jetcobot_control' build argument 'cmake_args' from command line to 'None'
[2.915s] Level 5:colcon.colcon_core.verb:set package 'beep_jetcobot_control' build argument 'cmake_target' from command line to 'None'
[2.915s] Level 5:colcon.colcon_core.verb:set package 'beep_jetcobot_control' build argument 'cmake_target_skip_unavailable' from command line to 'False'
[2.915s] Level 5:colcon.colcon_core.verb:set package 'beep_jetcobot_control' build argument 'cmake_clean_cache' from command line to 'False'
[2.915s] Level 5:colcon.colcon_core.verb:set package 'beep_jetcobot_control' build argument 'cmake_clean_first' from command line to 'False'
[2.916s] Level 5:colcon.colcon_core.verb:set package 'beep_jetcobot_control' build argument 'cmake_force_configure' from command line to 'False'
[2.916s] Level 5:colcon.colcon_core.verb:set package 'beep_jetcobot_control' build argument 'ament_cmake_args' from command line to 'None'
[2.916s] Level 5:colcon.colcon_core.verb:set package 'beep_jetcobot_control' build argument 'catkin_cmake_args' from command line to 'None'
[2.916s] Level 5:colcon.colcon_core.verb:set package 'beep_jetcobot_control' build argument 'catkin_skip_building_tests' from command line to 'False'
[2.917s] DEBUG:colcon.colcon_core.verb:Building package 'beep_jetcobot_control' with the following arguments: {'ament_cmake_args': None, 'build_base': '/home/jetcobot/jetcobot_ws/src/beep_jetcobot_ros2/build/beep_jetcobot_control', 'catkin_cmake_args': None, 'catkin_skip_building_tests': False, 'cmake_args': None, 'cmake_clean_cache': False, 'cmake_clean_first': False, 'cmake_force_configure': False, 'cmake_target': None, 'cmake_target_skip_unavailable': False, 'install_base': '/home/jetcobot/jetcobot_ws/src/beep_jetcobot_ros2/install/beep_jetcobot_control', 'merge_install': False, 'path': '/home/jetcobot/jetcobot_ws/src/beep_jetcobot_ros2/beep_jetcobot_control', 'symlink_install': False, 'test_result_base': None}
[2.917s] INFO:colcon.colcon_core.executor:Executing jobs using 'parallel' executor
[2.922s] DEBUG:colcon.colcon_parallel_executor.executor.parallel:run_until_complete
[2.923s] INFO:colcon.colcon_ros.task.ament_python.build:Building ROS package in '/home/jetcobot/jetcobot_ws/src/beep_jetcobot_ros2/beep_jetcobot_control' with build type 'ament_python'
[2.924s] Level 1:colcon.colcon_core.shell:create_environment_hook('beep_jetcobot_control', 'ament_prefix_path')
[2.946s] INFO:colcon.colcon_core.plugin_system:Skipping extension 'colcon_core.shell.bat': Not used on non-Windows systems
[2.947s] INFO:colcon.colcon_core.shell:Creating environment hook '/home/jetcobot/jetcobot_ws/src/beep_jetcobot_ros2/install/beep_jetcobot_control/share/beep_jetcobot_control/hook/ament_prefix_path.ps1'
[2.951s] INFO:colcon.colcon_core.shell:Creating environment descriptor '/home/jetcobot/jetcobot_ws/src/beep_jetcobot_ros2/install/beep_jetcobot_control/share/beep_jetcobot_control/hook/ament_prefix_path.dsv'
[2.953s] INFO:colcon.colcon_core.shell:Creating environment hook '/home/jetcobot/jetcobot_ws/src/beep_jetcobot_ros2/install/beep_jetcobot_control/share/beep_jetcobot_control/hook/ament_prefix_path.sh'
[2.957s] INFO:colcon.colcon_core.shell:Skip shell extension 'powershell' for command environment: Not usable outside of PowerShell
[2.957s] DEBUG:colcon.colcon_core.shell:Skip shell extension 'dsv' for command environment
[2.976s] ERROR:colcon.colcon_ros.task.ament_python.build:Failed to find the following files:
- /home/jetcobot/jetcobot_ws/src/beep_jetcobot_ros2/install/beep_jetcobot_msgs/share/beep_jetcobot_msgs/package.sh
Check that the following packages have been built:
- beep_jetcobot_msgs
[2.988s] DEBUG:colcon.colcon_parallel_executor.executor.parallel:closing loop
[2.988s] DEBUG:colcon.colcon_parallel_executor.executor.parallel:loop closed
[2.989s] DEBUG:colcon.colcon_parallel_executor.executor.parallel:run_until_complete finished with '1'
[2.989s] DEBUG:colcon.colcon_core.event_reactor:joining thread
[2.990s] DEBUG:colcon.colcon_core.event_reactor:joined thread
[2.991s] INFO:colcon.colcon_core.shell:Creating prefix script '/home/jetcobot/jetcobot_ws/src/beep_jetcobot_ros2/install/local_setup.ps1'
[3.013s] INFO:colcon.colcon_core.shell:Creating prefix util module '/home/jetcobot/jetcobot_ws/src/beep_jetcobot_ros2/install/_local_setup_util_ps1.py'
[3.019s] INFO:colcon.colcon_core.shell:Creating prefix chain script '/home/jetcobot/jetcobot_ws/src/beep_jetcobot_ros2/install/setup.ps1'
[3.027s] INFO:colcon.colcon_core.shell:Creating prefix script '/home/jetcobot/jetcobot_ws/src/beep_jetcobot_ros2/install/local_setup.sh'
[3.031s] INFO:colcon.colcon_core.shell:Creating prefix util module '/home/jetcobot/jetcobot_ws/src/beep_jetcobot_ros2/install/_local_setup_util_sh.py'
[3.035s] INFO:colcon.colcon_core.shell:Creating prefix chain script '/home/jetcobot/jetcobot_ws/src/beep_jetcobot_ros2/install/setup.sh'
[3.041s] INFO:colcon.colcon_core.shell:Creating prefix script '/home/jetcobot/jetcobot_ws/src/beep_jetcobot_ros2/install/local_setup.bash'
[3.045s] INFO:colcon.colcon_core.shell:Creating prefix chain script '/home/jetcobot/jetcobot_ws/src/beep_jetcobot_ros2/install/setup.bash'
[3.050s] INFO:colcon.colcon_core.shell:Creating prefix script '/home/jetcobot/jetcobot_ws/src/beep_jetcobot_ros2/install/local_setup.zsh'
[3.054s] INFO:colcon.colcon_core.shell:Creating prefix chain script '/home/jetcobot/jetcobot_ws/src/beep_jetcobot_ros2/install/setup.zsh'
